11:23:24.033 logback [main] INFO  com.example.server.ServerApplication - Starting ServerApplication on VDICIM50109479C with PID 18936 (H:\sourcecode\opReserve\server\target\classes started by 50109479c in H:\sourcecode\opReserve\server)
11:23:24.056 logback [main] INFO  com.example.server.ServerApplication - No active profile set, falling back to default profiles: default
11:23:24.368 logback [main] INFO  o.s.b.w.s.c.AnnotationConfigServletWebServerApplicationContext - Refreshing org.springframework.boot.web.servlet.context.AnnotationConfigServletWebServerApplicationContext@333291e3: startup date [Mon Sep 03 11:23:24 CST 2018]; root of context hierarchy
11:23:28.607 logback [main] WARN  t.m.s.mapper.ClassPathMapperScanner - No MyBatis mapper was found in '[com.example.server]' package. Please check your configuration.
11:23:28.635 logback [main] WARN  o.m.s.mapper.ClassPathMapperScanner - No MyBatis mapper was found in '[com.example.server]' package. Please check your configuration.
11:23:28.976 logback [main] WARN  o.s.c.a.ConfigurationClassPostProcessor - Cannot enhance @Configuration bean definition 'mybatisConfigurer' since its singleton instance has been created too early. The typical cause is a non-static @Bean method with a BeanDefinitionRegistryPostProcessor return type: Consider declaring such methods as 'static'.
11:23:29.912 logback [main] INFO  o.s.c.s.PostProcessorRegistrationDelegate$BeanPostProcessorChecker - Bean 'org.springframework.transaction.annotation.ProxyTransactionManagementConfiguration' of type [org.springframework.transaction.annotation.ProxyTransactionManagementConfiguration$$EnhancerBySpringCGLIB$$ac9cc0b9] is not eligible for getting processed by all BeanPostProcessors (for example: not eligible for auto-proxying)
11:23:32.156 logback [main] INFO  o.s.b.w.e.tomcat.TomcatWebServer - Tomcat initialized with port(s): 8080 (http)
11:23:32.263 logback [main] INFO  o.a.coyote.http11.Http11NioProtocol - Initializing ProtocolHandler ["http-nio-8080"]
11:23:32.317 logback [main] INFO  o.a.catalina.core.StandardService - Starting service [Tomcat]
11:23:32.318 logback [main] INFO  o.a.catalina.core.StandardEngine - Starting Servlet Engine: Apache Tomcat/8.5.31
11:23:32.355 logback [localhost-startStop-1] INFO  o.a.c.core.AprLifecycleListener - The APR based Apache Tomcat Native library which allows optimal performance in production environments was not found on the java.library.path: [C:\Program Files\Java\jdk1.8.0_05\bin;C:\Windows\Sun\Java\bin;C:\Windows\system32;C:\Windows;C:\app\50109479c\product\11.2.0\client_1\bin;C:\Windows\system32;C:\Windows;C:\Windows\System32\Wbem;C:\Windows\System32\WindowsPowerShell\v1.0\;C:\Program Files\TortoiseSVN\bin;C:\Program Files\Citrix\System32\;C:\Program Files\Citrix\ICAService\;C:\Program Files\Citrix\Virtual Desktop Agent\;H:\Program Files\Microsoft VS Code\bin;H:\Program Files (x86)\TortoiseSVN\bin;C:\Program Files\nodejs\;C:\Program Files\EsafeNet\Cobra DocGuard Client;\\b5nasoa10\NAS2oadata02\AppData\BASE\50109479c\AppData\Roaming\npm;.]
11:23:32.831 logback [localhost-startStop-1] INFO  o.a.c.c.C.[Tomcat].[localhost].[/] - Initializing Spring embedded WebApplicationContext
11:23:32.831 logback [localhost-startStop-1] INFO  o.s.web.context.ContextLoader - Root WebApplicationContext: initialization completed in 8463 ms
11:23:33.203 logback [localhost-startStop-1] INFO  o.s.b.w.s.ServletRegistrationBean - Servlet statViewServlet mapped to [/druid/*]
11:23:33.206 logback [localhost-startStop-1] INFO  o.s.b.w.s.ServletRegistrationBean - Servlet dispatcherServlet mapped to [/]
11:23:33.229 logback [localhost-startStop-1] INFO  o.s.b.w.s.FilterRegistrationBean - Mapping filter: 'characterEncodingFilter' to: [/*]
11:23:33.230 logback [localhost-startStop-1] INFO  o.s.b.w.s.FilterRegistrationBean - Mapping filter: 'webStatFilter' to urls: [/*]
11:23:37.454 logback [main] INFO  o.s.w.s.m.m.a.RequestMappingHandlerMapping - Mapped "{[/rockBookdetail/reserve],methods=[GET]}" onto public synchronized com.example.server.core.ret.RetResult com.example.server.controller.RockBookdetailController.reserve(java.lang.String,java.lang.String,java.lang.String,java.lang.String,java.lang.String)
11:23:37.498 logback [main] INFO  o.s.w.s.m.m.a.RequestMappingHandlerMapping - Mapped "{[/rockBookdetail/getBookdetail],methods=[GET]}" onto public com.example.server.core.ret.RetResult<com.example.server.model.RockBookdetail> com.example.server.controller.RockBookdetailController.getBookdetail(java.lang.String,java.lang.String)
11:23:37.499 logback [main] INFO  o.s.w.s.m.m.a.RequestMappingHandlerMapping - Mapped "{[/rockBookdetail/getBookdetailDay],methods=[GET]}" onto public com.example.server.core.ret.RetResult<java.util.List<com.example.server.model.RockBookdetail>> com.example.server.controller.RockBookdetailController.getBookdetailDay(java.lang.String,java.lang.String,java.lang.String)
11:23:37.500 logback [main] INFO  o.s.w.s.m.m.a.RequestMappingHandlerMapping - Mapped "{[/rockBookdetail/getReserveFuture],methods=[GET]}" onto public com.example.server.core.ret.RetResult<java.util.List<com.example.server.model.RockBookdetail>> com.example.server.controller.RockBookdetailController.getReserveFuture(java.lang.String)
11:23:37.501 logback [main] INFO  o.s.w.s.m.m.a.RequestMappingHandlerMapping - Mapped "{[/rockBookdetail/getBookdetailMonth],methods=[GET]}" onto public com.example.server.core.ret.RetResult<java.util.HashMap> com.example.server.controller.RockBookdetailController.getBookdetailMonth(java.lang.String,java.lang.String)
11:23:37.502 logback [main] INFO  o.s.w.s.m.m.a.RequestMappingHandlerMapping - Mapped "{[/rockBookdetail/getBookdetailMonthDetail],methods=[GET]}" onto public com.example.server.core.ret.RetResult<java.util.List<com.example.server.model.RockBookdetail>> com.example.server.controller.RockBookdetailController.getBookdetailMonthDetail(java.lang.String,java.lang.String)
11:23:37.503 logback [main] INFO  o.s.w.s.m.m.a.RequestMappingHandlerMapping - Mapped "{[/rockBookdetail/getBookdetailDayWithShiftflag],methods=[GET]}" onto public com.example.server.core.ret.RetResult<java.util.List<com.example.server.model.RockBookdetail>> com.example.server.controller.RockBookdetailController.getBookdetailDayWithShiftflag(java.lang.String,java.lang.String,java.lang.String,java.lang.String)
11:23:37.504 logback [main] INFO  o.s.w.s.m.m.a.RequestMappingHandlerMapping - Mapped "{[/rockBookdetail/getBookdetailWeek],methods=[GET]}" onto public com.example.server.core.ret.RetResult<java.util.HashMap> com.example.server.controller.RockBookdetailController.getBookdetailWeek(java.lang.String,java.lang.String)
11:23:37.505 logback [main] INFO  o.s.w.s.m.m.a.RequestMappingHandlerMapping - Mapped "{[/rockBookdetail/getBookdetailBetween],methods=[GET]}" onto public com.example.server.core.ret.RetResult<java.util.List<com.example.server.model.RockBookdetail>> com.example.server.controller.RockBookdetailController.getBookdetailBetween(java.lang.String,java.lang.String,java.lang.String)
11:23:37.506 logback [main] INFO  o.s.w.s.m.m.a.RequestMappingHandlerMapping - Mapped "{[/rockBookdetail/cancelReserveById],methods=[GET]}" onto public com.example.server.core.ret.RetResult com.example.server.controller.RockBookdetailController.cancelReserveById(java.lang.String,java.lang.String)
11:23:37.506 logback [main] INFO  o.s.w.s.m.m.a.RequestMappingHandlerMapping - Mapped "{[/rockBookdetail/cancelReserveByIdReplace],methods=[GET]}" onto public com.example.server.core.ret.RetResult com.example.server.controller.RockBookdetailController.cancelReserveByIdReplace(java.lang.String,java.lang.String,java.lang.String)
11:23:37.508 logback [main] INFO  o.s.w.s.m.m.a.RequestMappingHandlerMapping - Mapped "{[/rockDailyworkstation/getDailyWorkstation],methods=[GET]}" onto public com.example.server.core.ret.RetResult<java.util.List<com.example.server.model.RockDailyworkstation>> com.example.server.controller.RockDailyworkstationController.getDailyWorkstation(java.lang.String,java.lang.String)
11:23:37.510 logback [main] INFO  o.s.w.s.m.m.a.RequestMappingHandlerMapping - Mapped "{[/rockOpcapacityinfo/getCapacityInfo],methods=[GET]}" onto public com.example.server.core.ret.RetResult<java.util.HashMap> com.example.server.controller.RockOpcapacityinfoController.getCapacityInfo(java.lang.String,java.lang.String,java.lang.String)
11:23:37.511 logback [main] INFO  o.s.w.s.m.m.a.RequestMappingHandlerMapping - Mapped "{[/rockOpcapacityinfo/getLastCapacityInfoByEmpid],methods=[GET]}" onto public com.example.server.core.ret.RetResult<com.example.server.model.RockOpcapacityinfo> com.example.server.controller.RockOpcapacityinfoController.getLastCapacityInfoByEmpid(java.lang.String)
11:23:37.514 logback [main] INFO  o.s.w.s.m.m.a.RequestMappingHandlerMapping - Mapped "{[/rockOpemp/changePassword],methods=[GET]}" onto public com.example.server.core.ret.RetResult com.example.server.controller.RockOpempController.changePassword(java.lang.String,java.lang.String)
11:23:37.515 logback [main] INFO  o.s.w.s.m.m.a.RequestMappingHandlerMapping - Mapped "{[/rockOpemp/login],methods=[GET]}" onto public com.example.server.core.ret.RetResult<com.example.server.model.RockOpemp> com.example.server.controller.RockOpempController.login(java.lang.String,java.lang.String)
11:23:37.517 logback [main] INFO  o.s.w.s.m.m.a.RequestMappingHandlerMapping - Mapped "{[/rockOpemp/changePasswordByEmpid],methods=[GET]}" onto public com.example.server.core.ret.RetResult com.example.server.controller.RockOpempController.changePasswordByEmpid(java.lang.String,java.lang.String,java.lang.String)
11:23:37.518 logback [main] INFO  o.s.w.s.m.m.a.RequestMappingHandlerMapping - Mapped "{[/rockOpmanager/getOpmanagerData],methods=[GET]}" onto public com.example.server.core.ret.RetResult<com.example.server.model.RockOpmanage> com.example.server.controller.RockOpmanagerController.getOpmanagerData(java.lang.String)
11:23:37.520 logback [main] INFO  o.s.w.s.m.m.a.RequestMappingHandlerMapping - Mapped "{[/v2/api-docs],methods=[GET],produces=[application/json || application/hal+json]}" onto public org.springframework.http.ResponseEntity<springfox.documentation.spring.web.json.Json> springfox.documentation.swagger2.web.Swagger2Controller.getDocumentation(java.lang.String,javax.servlet.http.HttpServletRequest)
11:23:37.524 logback [main] INFO  o.s.w.s.m.m.a.RequestMappingHandlerMapping - Mapped "{[/configuration/ui]}" onto org.springframework.http.ResponseEntity<springfox.documentation.swagger.web.UiConfiguration> springfox.documentation.swagger.web.ApiResourceController.uiConfiguration()
11:23:37.527 logback [main] INFO  o.s.w.s.m.m.a.RequestMappingHandlerMapping - Mapped "{[/swagger-resources]}" onto org.springframework.http.ResponseEntity<java.util.List<springfox.documentation.swagger.web.SwaggerResource>> springfox.documentation.swagger.web.ApiResourceController.swaggerResources()
11:23:37.530 logback [main] INFO  o.s.w.s.m.m.a.RequestMappingHandlerMapping - Mapped "{[/configuration/security]}" onto org.springframework.http.ResponseEntity<springfox.documentation.swagger.web.SecurityConfiguration> springfox.documentation.swagger.web.ApiResourceController.securityConfiguration()
11:23:37.535 logback [main] INFO  o.s.w.s.m.m.a.RequestMappingHandlerMapping - Mapped "{[/error]}" onto public org.springframework.http.ResponseEntity<java.util.Map<java.lang.String, java.lang.Object>> org.springframework.boot.autoconfigure.web.servlet.error.BasicErrorController.error(javax.servlet.http.HttpServletRequest)
11:23:37.536 logback [main] INFO  o.s.w.s.m.m.a.RequestMappingHandlerMapping - Mapped "{[/error],produces=[text/html]}" onto public org.springframework.web.servlet.ModelAndView org.springframework.boot.autoconfigure.web.servlet.error.BasicErrorController.errorHtml(javax.servlet.http.HttpServletRequest,javax.servlet.http.HttpServletResponse)
11:23:38.019 logback [main] INFO  o.s.w.s.h.SimpleUrlHandlerMapping - Mapped URL path [/swagger-ui.html] onto handler of type [class org.springframework.web.servlet.resource.ResourceHttpRequestHandler]
11:23:38.020 logback [main] INFO  o.s.w.s.h.SimpleUrlHandlerMapping - Mapped URL path [/doc.html] onto handler of type [class org.springframework.web.servlet.resource.ResourceHttpRequestHandler]
11:23:38.020 logback [main] INFO  o.s.w.s.h.SimpleUrlHandlerMapping - Mapped URL path [/static/**] onto handler of type [class org.springframework.web.servlet.resource.ResourceHttpRequestHandler]
11:23:38.021 logback [main] INFO  o.s.w.s.h.SimpleUrlHandlerMapping - Mapped URL path [/app-release.apk] onto handler of type [class org.springframework.web.servlet.resource.ResourceHttpRequestHandler]
11:23:38.021 logback [main] INFO  o.s.w.s.h.SimpleUrlHandlerMapping - Mapped URL path [/webjars/**] onto handler of type [class org.springframework.web.servlet.resource.ResourceHttpRequestHandler]
11:23:38.460 logback [main] INFO  o.s.w.s.m.m.a.RequestMappingHandlerAdapter - Looking for @ControllerAdvice: org.springframework.boot.web.servlet.context.AnnotationConfigServletWebServerApplicationContext@333291e3: startup date [Mon Sep 03 11:23:24 CST 2018]; root of context hierarchy
11:23:39.664 logback [main] INFO  o.s.j.e.a.AnnotationMBeanExporter - Registering beans for JMX exposure on startup
11:23:39.666 logback [main] INFO  o.s.j.e.a.AnnotationMBeanExporter - Bean with name 'getDataSource' has been autodetected for JMX exposure
11:23:39.677 logback [main] INFO  o.s.j.e.a.AnnotationMBeanExporter - Located MBean 'getDataSource': registering with JMX server as MBean [com.alibaba.druid.pool:name=getDataSource,type=DruidDataSource]
11:23:39.708 logback [main] INFO  s.d.s.w.p.DocumentationPluginsBootstrapper - Context refreshed
11:23:39.882 logback [main] INFO  s.d.s.w.p.DocumentationPluginsBootstrapper - Found 1 custom documentation plugin(s)
11:23:39.959 logback [main] INFO  s.d.s.w.s.ApiListingReferenceScanner - Scanning for api listing references
11:23:40.442 logback [main] WARN  s.d.s.r.o.OperationImplicitParameterReader - Coercing to be of type string. This may not even be a scalar type in actuality
11:23:40.447 logback [main] WARN  s.d.s.r.o.OperationImplicitParameterReader - Coercing to be of type string. This may not even be a scalar type in actuality
11:23:40.666 logback [main] WARN  s.d.s.r.o.OperationImplicitParameterReader - Coercing to be of type string. This may not even be a scalar type in actuality
11:23:40.667 logback [main] WARN  s.d.s.r.o.OperationImplicitParameterReader - Coercing to be of type string. This may not even be a scalar type in actuality
11:23:40.667 logback [main] WARN  s.d.s.r.o.OperationImplicitParameterReader - Coercing to be of type string. This may not even be a scalar type in actuality
11:23:40.693 logback [main] WARN  s.d.s.r.o.OperationImplicitParameterReader - Coercing to be of type string. This may not even be a scalar type in actuality
11:23:40.694 logback [main] WARN  s.d.s.r.o.OperationImplicitParameterReader - Coercing to be of type string. This may not even be a scalar type in actuality
11:23:40.721 logback [main] WARN  s.d.s.r.o.OperationImplicitParameterReader - Coercing to be of type string. This may not even be a scalar type in actuality
11:23:40.723 logback [main] WARN  s.d.s.r.o.OperationImplicitParameterReader - Coercing to be of type string. This may not even be a scalar type in actuality
11:23:40.723 logback [main] WARN  s.d.s.r.o.OperationImplicitParameterReader - Coercing to be of type string. This may not even be a scalar type in actuality
11:23:40.727 logback [main] WARN  s.d.s.r.o.OperationImplicitParameterReader - Coercing to be of type string. This may not even be a scalar type in actuality
11:23:40.727 logback [main] WARN  s.d.s.r.o.OperationImplicitParameterReader - Coercing to be of type string. This may not even be a scalar type in actuality
11:23:40.727 logback [main] WARN  s.d.s.r.o.OperationImplicitParameterReader - Coercing to be of type string. This may not even be a scalar type in actuality
11:23:40.730 logback [main] WARN  s.d.s.r.o.OperationImplicitParameterReader - Coercing to be of type string. This may not even be a scalar type in actuality
11:23:40.737 logback [main] WARN  s.d.s.r.o.OperationImplicitParameterReader - Coercing to be of type string. This may not even be a scalar type in actuality
11:23:40.738 logback [main] WARN  s.d.s.r.o.OperationImplicitParameterReader - Coercing to be of type string. This may not even be a scalar type in actuality
11:23:40.738 logback [main] WARN  s.d.s.r.o.OperationImplicitParameterReader - Coercing to be of type string. This may not even be a scalar type in actuality
11:23:40.749 logback [main] WARN  s.d.s.r.o.OperationImplicitParameterReader - Coercing to be of type string. This may not even be a scalar type in actuality
11:23:40.750 logback [main] WARN  s.d.s.r.o.OperationImplicitParameterReader - Coercing to be of type string. This may not even be a scalar type in actuality
11:23:40.753 logback [main] WARN  s.d.s.r.o.OperationImplicitParameterReader - Coercing to be of type string. This may not even be a scalar type in actuality
11:23:40.753 logback [main] WARN  s.d.s.r.o.OperationImplicitParameterReader - Coercing to be of type string. This may not even be a scalar type in actuality
11:23:40.756 logback [main] WARN  s.d.s.r.o.OperationImplicitParameterReader - Coercing to be of type string. This may not even be a scalar type in actuality
11:23:40.757 logback [main] WARN  s.d.s.r.o.OperationImplicitParameterReader - Coercing to be of type string. This may not even be a scalar type in actuality
11:23:40.759 logback [main] WARN  s.d.s.r.o.OperationImplicitParameterReader - Coercing to be of type string. This may not even be a scalar type in actuality
11:23:40.762 logback [main] WARN  s.d.s.r.o.OperationImplicitParameterReader - Coercing to be of type string. This may not even be a scalar type in actuality
11:23:40.763 logback [main] WARN  s.d.s.r.o.OperationImplicitParameterReader - Coercing to be of type string. This may not even be a scalar type in actuality
11:23:40.763 logback [main] WARN  s.d.s.r.o.OperationImplicitParameterReader - Coercing to be of type string. This may not even be a scalar type in actuality
11:23:40.764 logback [main] WARN  s.d.s.r.o.OperationImplicitParameterReader - Coercing to be of type string. This may not even be a scalar type in actuality
11:23:40.764 logback [main] WARN  s.d.s.r.o.OperationImplicitParameterReader - Coercing to be of type string. This may not even be a scalar type in actuality
11:23:40.800 logback [main] WARN  s.d.s.r.o.OperationImplicitParameterReader - Coercing to be of type string. This may not even be a scalar type in actuality
11:23:40.801 logback [main] WARN  s.d.s.r.o.OperationImplicitParameterReader - Coercing to be of type string. This may not even be a scalar type in actuality
11:23:40.804 logback [main] WARN  s.d.s.r.o.OperationImplicitParameterReader - Coercing to be of type string. This may not even be a scalar type in actuality
11:23:40.805 logback [main] WARN  s.d.s.r.o.OperationImplicitParameterReader - Coercing to be of type string. This may not even be a scalar type in actuality
11:23:40.806 logback [main] WARN  s.d.s.r.o.OperationImplicitParameterReader - Coercing to be of type string. This may not even be a scalar type in actuality
11:23:40.810 logback [main] WARN  s.d.s.r.o.OperationImplicitParameterReader - Coercing to be of type string. This may not even be a scalar type in actuality
11:23:40.813 logback [main] WARN  s.d.s.r.o.OperationImplicitParameterReader - Coercing to be of type string. This may not even be a scalar type in actuality
11:23:40.814 logback [main] WARN  s.d.s.r.o.OperationImplicitParameterReader - Coercing to be of type string. This may not even be a scalar type in actuality
11:23:40.815 logback [main] WARN  s.d.s.r.o.OperationImplicitParameterReader - Coercing to be of type string. This may not even be a scalar type in actuality
11:23:40.816 logback [main] WARN  s.d.s.r.o.OperationImplicitParameterReader - Coercing to be of type string. This may not even be a scalar type in actuality
11:23:40.816 logback [main] WARN  s.d.s.r.o.OperationImplicitParameterReader - Coercing to be of type string. This may not even be a scalar type in actuality
11:23:40.823 logback [main] WARN  s.d.s.r.o.OperationImplicitParameterReader - Coercing to be of type string. This may not even be a scalar type in actuality
11:23:40.823 logback [main] WARN  s.d.s.r.o.OperationImplicitParameterReader - Coercing to be of type string. This may not even be a scalar type in actuality
11:23:40.829 logback [main] WARN  s.d.s.r.o.OperationImplicitParameterReader - Coercing to be of type string. This may not even be a scalar type in actuality
11:23:40.908 logback [main] INFO  o.a.coyote.http11.Http11NioProtocol - Starting ProtocolHandler ["http-nio-8080"]
11:23:41.068 logback [main] INFO  o.a.tomcat.util.net.NioSelectorPool - Using a shared selector for servlet write/read
11:23:41.177 logback [main] INFO  o.s.b.w.e.tomcat.TomcatWebServer - Tomcat started on port(s): 8080 (http) with context path ''
11:23:41.192 logback [main] INFO  com.example.server.ServerApplication - Started ServerApplication in 21.235 seconds (JVM running for 27.465)
11:23:51.638 logback [http-nio-8080-exec-1] INFO  o.a.c.c.C.[Tomcat].[localhost].[/] - Initializing Spring FrameworkServlet 'dispatcherServlet'
11:23:51.639 logback [http-nio-8080-exec-1] INFO  o.s.web.servlet.DispatcherServlet - FrameworkServlet 'dispatcherServlet': initialization started
11:23:51.783 logback [http-nio-8080-exec-1] INFO  o.s.web.servlet.DispatcherServlet - FrameworkServlet 'dispatcherServlet': initialization completed in 143 ms
11:23:53.957 logback [http-nio-8080-exec-8] WARN  o.s.web.servlet.PageNotFound - No mapping found for HTTP request with URI [/images/favicon-32x32.png] in DispatcherServlet with name 'dispatcherServlet'
11:23:54.263 logback [http-nio-8080-exec-6] WARN  o.s.web.servlet.PageNotFound - No mapping found for HTTP request with URI [/images/favicon-16x16.png] in DispatcherServlet with name 'dispatcherServlet'
11:23:59.990 logback [http-nio-8080-exec-7] WARN  o.s.web.servlet.PageNotFound - No mapping found for HTTP request with URI [/images/favicon-32x32.png] in DispatcherServlet with name 'dispatcherServlet'
11:23:59.995 logback [http-nio-8080-exec-9] WARN  o.s.web.servlet.PageNotFound - No mapping found for HTTP request with URI [/images/favicon-16x16.png] in DispatcherServlet with name 'dispatcherServlet'
11:24:00.722 logback [http-nio-8080-exec-4] WARN  o.s.web.servlet.PageNotFound - No mapping found for HTTP request with URI [/images/favicon-32x32.png] in DispatcherServlet with name 'dispatcherServlet'
11:24:00.726 logback [http-nio-8080-exec-10] WARN  o.s.web.servlet.PageNotFound - No mapping found for HTTP request with URI [/images/favicon-16x16.png] in DispatcherServlet with name 'dispatcherServlet'
11:24:02.103 logback [http-nio-8080-exec-8] WARN  o.s.web.servlet.PageNotFound - No mapping found for HTTP request with URI [/images/favicon-32x32.png] in DispatcherServlet with name 'dispatcherServlet'
11:24:02.109 logback [http-nio-8080-exec-1] WARN  o.s.web.servlet.PageNotFound - No mapping found for HTTP request with URI [/images/favicon-16x16.png] in DispatcherServlet with name 'dispatcherServlet'
11:24:03.137 logback [http-nio-8080-exec-6] WARN  o.s.web.servlet.PageNotFound - No mapping found for HTTP request with URI [/images/favicon-32x32.png] in DispatcherServlet with name 'dispatcherServlet'
11:24:03.141 logback [http-nio-8080-exec-3] WARN  o.s.web.servlet.PageNotFound - No mapping found for HTTP request with URI [/images/favicon-16x16.png] in DispatcherServlet with name 'dispatcherServlet'
11:24:04.914 logback [http-nio-8080-exec-2] WARN  o.s.web.servlet.PageNotFound - No mapping found for HTTP request with URI [/images/favicon-32x32.png] in DispatcherServlet with name 'dispatcherServlet'
11:24:04.919 logback [http-nio-8080-exec-5] WARN  o.s.web.servlet.PageNotFound - No mapping found for HTTP request with URI [/images/favicon-16x16.png] in DispatcherServlet with name 'dispatcherServlet'
11:24:07.234 logback [http-nio-8080-exec-9] WARN  o.s.web.servlet.PageNotFound - No mapping found for HTTP request with URI [/images/favicon-32x32.png] in DispatcherServlet with name 'dispatcherServlet'
11:24:07.240 logback [http-nio-8080-exec-4] WARN  o.s.web.servlet.PageNotFound - No mapping found for HTTP request with URI [/images/favicon-16x16.png] in DispatcherServlet with name 'dispatcherServlet'
11:24:15.142 logback [http-nio-8080-exec-10] INFO  c.alibaba.druid.pool.DruidDataSource - {dataSource-1} inited
11:24:29.723 logback [RMI TCP Connection(2)-127.0.0.1] INFO  o.s.b.a.SpringApplicationAdminMXBeanRegistrar$SpringApplicationAdmin - Application shutdown requested.
11:24:29.723 logback [RMI TCP Connection(2)-127.0.0.1] INFO  o.s.b.w.s.c.AnnotationConfigServletWebServerApplicationContext - Closing org.springframework.boot.web.servlet.context.AnnotationConfigServletWebServerApplicationContext@333291e3: startup date [Mon Sep 03 11:23:24 CST 2018]; root of context hierarchy
11:24:29.726 logback [RMI TCP Connection(2)-127.0.0.1] INFO  o.s.j.e.a.AnnotationMBeanExporter - Unregistering JMX-exposed beans on shutdown
11:24:29.727 logback [RMI TCP Connection(2)-127.0.0.1] INFO  o.s.j.e.a.AnnotationMBeanExporter - Unregistering JMX-exposed beans
11:24:29.736 logback [RMI TCP Connection(2)-127.0.0.1] INFO  c.alibaba.druid.pool.DruidDataSource - {dataSource-1} closed
11:25:41.817 logback [main] INFO  c.e.server.ServerApplicationTests - Starting ServerApplicationTests on VDICIM50109479C with PID 13252 (started by 50109479c in H:\sourcecode\opReserve\server)
11:25:41.819 logback [main] INFO  c.e.server.ServerApplicationTests - No active profile set, falling back to default profiles: default
11:25:42.212 logback [main] INFO  o.s.w.c.s.GenericWebApplicationContext - Refreshing org.springframework.web.context.support.GenericWebApplicationContext@37313c65: startup date [Mon Sep 03 11:25:42 CST 2018]; root of context hierarchy
11:25:48.296 logback [main] WARN  t.m.s.mapper.ClassPathMapperScanner - No MyBatis mapper was found in '[com.example.server]' package. Please check your configuration.
11:25:48.335 logback [main] WARN  o.m.s.mapper.ClassPathMapperScanner - No MyBatis mapper was found in '[com.example.server]' package. Please check your configuration.
11:25:48.660 logback [main] WARN  o.s.c.a.ConfigurationClassPostProcessor - Cannot enhance @Configuration bean definition 'mybatisConfigurer' since its singleton instance has been created too early. The typical cause is a non-static @Bean method with a BeanDefinitionRegistryPostProcessor return type: Consider declaring such methods as 'static'.
11:25:50.109 logback [main] INFO  o.s.c.s.PostProcessorRegistrationDelegate$BeanPostProcessorChecker - Bean 'org.springframework.transaction.annotation.ProxyTransactionManagementConfiguration' of type [org.springframework.transaction.annotation.ProxyTransactionManagementConfiguration$$EnhancerBySpringCGLIB$$fd8cc2df] is not eligible for getting processed by all BeanPostProcessors (for example: not eligible for auto-proxying)
11:25:54.736 logback [main] INFO  o.s.w.s.m.m.a.RequestMappingHandlerMapping - Mapped "{[/rockBookdetail/reserve],methods=[GET]}" onto public synchronized com.example.server.core.ret.RetResult com.example.server.controller.RockBookdetailController.reserve(java.lang.String,java.lang.String,java.lang.String,java.lang.String,java.lang.String)
11:25:54.740 logback [main] INFO  o.s.w.s.m.m.a.RequestMappingHandlerMapping - Mapped "{[/rockBookdetail/getBookdetailMonth],methods=[GET]}" onto public com.example.server.core.ret.RetResult<java.util.HashMap> com.example.server.controller.RockBookdetailController.getBookdetailMonth(java.lang.String,java.lang.String)
11:25:54.741 logback [main] INFO  o.s.w.s.m.m.a.RequestMappingHandlerMapping - Mapped "{[/rockBookdetail/getBookdetailMonthDetail],methods=[GET]}" onto public com.example.server.core.ret.RetResult<java.util.List<com.example.server.model.RockBookdetail>> com.example.server.controller.RockBookdetailController.getBookdetailMonthDetail(java.lang.String,java.lang.String)
11:25:54.742 logback [main] INFO  o.s.w.s.m.m.a.RequestMappingHandlerMapping - Mapped "{[/rockBookdetail/getBookdetailDayWithShiftflag],methods=[GET]}" onto public com.example.server.core.ret.RetResult<java.util.List<com.example.server.model.RockBookdetail>> com.example.server.controller.RockBookdetailController.getBookdetailDayWithShiftflag(java.lang.String,java.lang.String,java.lang.String,java.lang.String)
11:25:54.743 logback [main] INFO  o.s.w.s.m.m.a.RequestMappingHandlerMapping - Mapped "{[/rockBookdetail/getBookdetailWeek],methods=[GET]}" onto public com.example.server.core.ret.RetResult<java.util.HashMap> com.example.server.controller.RockBookdetailController.getBookdetailWeek(java.lang.String,java.lang.String)
11:25:54.744 logback [main] INFO  o.s.w.s.m.m.a.RequestMappingHandlerMapping - Mapped "{[/rockBookdetail/getBookdetailBetween],methods=[GET]}" onto public com.example.server.core.ret.RetResult<java.util.List<com.example.server.model.RockBookdetail>> com.example.server.controller.RockBookdetailController.getBookdetailBetween(java.lang.String,java.lang.String,java.lang.String)
11:25:54.744 logback [main] INFO  o.s.w.s.m.m.a.RequestMappingHandlerMapping - Mapped "{[/rockBookdetail/cancelReserveById],methods=[GET]}" onto public com.example.server.core.ret.RetResult com.example.server.controller.RockBookdetailController.cancelReserveById(java.lang.String,java.lang.String)
11:25:54.745 logback [main] INFO  o.s.w.s.m.m.a.RequestMappingHandlerMapping - Mapped "{[/rockBookdetail/cancelReserveByIdReplace],methods=[GET]}" onto public com.example.server.core.ret.RetResult com.example.server.controller.RockBookdetailController.cancelReserveByIdReplace(java.lang.String,java.lang.String,java.lang.String)
11:25:54.746 logback [main] INFO  o.s.w.s.m.m.a.RequestMappingHandlerMapping - Mapped "{[/rockBookdetail/getBookdetail],methods=[GET]}" onto public com.example.server.core.ret.RetResult<com.example.server.model.RockBookdetail> com.example.server.controller.RockBookdetailController.getBookdetail(java.lang.String,java.lang.String)
11:25:54.746 logback [main] INFO  o.s.w.s.m.m.a.RequestMappingHandlerMapping - Mapped "{[/rockBookdetail/getBookdetailDay],methods=[GET]}" onto public com.example.server.core.ret.RetResult<java.util.List<com.example.server.model.RockBookdetail>> com.example.server.controller.RockBookdetailController.getBookdetailDay(java.lang.String,java.lang.String,java.lang.String)
11:25:54.747 logback [main] INFO  o.s.w.s.m.m.a.RequestMappingHandlerMapping - Mapped "{[/rockBookdetail/getReserveFuture],methods=[GET]}" onto public com.example.server.core.ret.RetResult<java.util.List<com.example.server.model.RockBookdetail>> com.example.server.controller.RockBookdetailController.getReserveFuture(java.lang.String)
11:25:54.748 logback [main] INFO  o.s.w.s.m.m.a.RequestMappingHandlerMapping - Mapped "{[/rockDailyworkstation/getDailyWorkstation],methods=[GET]}" onto public com.example.server.core.ret.RetResult<java.util.List<com.example.server.model.RockDailyworkstation>> com.example.server.controller.RockDailyworkstationController.getDailyWorkstation(java.lang.String,java.lang.String)
11:25:54.750 logback [main] INFO  o.s.w.s.m.m.a.RequestMappingHandlerMapping - Mapped "{[/rockOpcapacityinfo/getLastCapacityInfoByEmpid],methods=[GET]}" onto public com.example.server.core.ret.RetResult<com.example.server.model.RockOpcapacityinfo> com.example.server.controller.RockOpcapacityinfoController.getLastCapacityInfoByEmpid(java.lang.String)
11:25:54.751 logback [main] INFO  o.s.w.s.m.m.a.RequestMappingHandlerMapping - Mapped "{[/rockOpcapacityinfo/getCapacityInfo],methods=[GET]}" onto public com.example.server.core.ret.RetResult<java.util.HashMap> com.example.server.controller.RockOpcapacityinfoController.getCapacityInfo(java.lang.String,java.lang.String,java.lang.String)
11:25:54.755 logback [main] INFO  o.s.w.s.m.m.a.RequestMappingHandlerMapping - Mapped "{[/rockOpemp/login],methods=[GET]}" onto public com.example.server.core.ret.RetResult<com.example.server.model.RockOpemp> com.example.server.controller.RockOpempController.login(java.lang.String,java.lang.String)
11:25:54.756 logback [main] INFO  o.s.w.s.m.m.a.RequestMappingHandlerMapping - Mapped "{[/rockOpemp/changePasswordByEmpid],methods=[GET]}" onto public com.example.server.core.ret.RetResult com.example.server.controller.RockOpempController.changePasswordByEmpid(java.lang.String,java.lang.String,java.lang.String)
11:25:54.757 logback [main] INFO  o.s.w.s.m.m.a.RequestMappingHandlerMapping - Mapped "{[/rockOpemp/changePassword],methods=[GET]}" onto public com.example.server.core.ret.RetResult com.example.server.controller.RockOpempController.changePassword(java.lang.String,java.lang.String)
11:25:54.759 logback [main] INFO  o.s.w.s.m.m.a.RequestMappingHandlerMapping - Mapped "{[/rockOpmanager/getOpmanagerData],methods=[GET]}" onto public com.example.server.core.ret.RetResult<com.example.server.model.RockOpmanage> com.example.server.controller.RockOpmanagerController.getOpmanagerData(java.lang.String)
11:25:54.761 logback [main] INFO  o.s.w.s.m.m.a.RequestMappingHandlerMapping - Mapped "{[/v2/api-docs],methods=[GET],produces=[application/json || application/hal+json]}" onto public org.springframework.http.ResponseEntity<springfox.documentation.spring.web.json.Json> springfox.documentation.swagger2.web.Swagger2Controller.getDocumentation(java.lang.String,javax.servlet.http.HttpServletRequest)
11:25:54.762 logback [main] INFO  o.s.w.s.m.m.a.RequestMappingHandlerMapping - Mapped "{[/configuration/ui]}" onto org.springframework.http.ResponseEntity<springfox.documentation.swagger.web.UiConfiguration> springfox.documentation.swagger.web.ApiResourceController.uiConfiguration()
11:25:54.767 logback [main] INFO  o.s.w.s.m.m.a.RequestMappingHandlerMapping - Mapped "{[/swagger-resources]}" onto org.springframework.http.ResponseEntity<java.util.List<springfox.documentation.swagger.web.SwaggerResource>> springfox.documentation.swagger.web.ApiResourceController.swaggerResources()
11:25:54.768 logback [main] INFO  o.s.w.s.m.m.a.RequestMappingHandlerMapping - Mapped "{[/configuration/security]}" onto org.springframework.http.ResponseEntity<springfox.documentation.swagger.web.SecurityConfiguration> springfox.documentation.swagger.web.ApiResourceController.securityConfiguration()
11:25:54.779 logback [main] INFO  o.s.w.s.m.m.a.RequestMappingHandlerMapping - Mapped "{[/error]}" onto public org.springframework.http.ResponseEntity<java.util.Map<java.lang.String, java.lang.Object>> org.springframework.boot.autoconfigure.web.servlet.error.BasicErrorController.error(javax.servlet.http.HttpServletRequest)
11:25:54.780 logback [main] INFO  o.s.w.s.m.m.a.RequestMappingHandlerMapping - Mapped "{[/error],produces=[text/html]}" onto public org.springframework.web.servlet.ModelAndView org.springframework.boot.autoconfigure.web.servlet.error.BasicErrorController.errorHtml(javax.servlet.http.HttpServletRequest,javax.servlet.http.HttpServletResponse)
11:25:56.709 logback [main] INFO  o.s.w.s.h.SimpleUrlHandlerMapping - Mapped URL path [/swagger-ui.html] onto handler of type [class org.springframework.web.servlet.resource.ResourceHttpRequestHandler]
11:25:56.710 logback [main] INFO  o.s.w.s.h.SimpleUrlHandlerMapping - Mapped URL path [/doc.html] onto handler of type [class org.springframework.web.servlet.resource.ResourceHttpRequestHandler]
11:25:56.711 logback [main] INFO  o.s.w.s.h.SimpleUrlHandlerMapping - Mapped URL path [/static/**] onto handler of type [class org.springframework.web.servlet.resource.ResourceHttpRequestHandler]
11:25:56.711 logback [main] INFO  o.s.w.s.h.SimpleUrlHandlerMapping - Mapped URL path [/app-release.apk] onto handler of type [class org.springframework.web.servlet.resource.ResourceHttpRequestHandler]
11:25:56.711 logback [main] INFO  o.s.w.s.h.SimpleUrlHandlerMapping - Mapped URL path [/webjars/**] onto handler of type [class org.springframework.web.servlet.resource.ResourceHttpRequestHandler]
11:25:57.986 logback [main] INFO  o.s.w.s.m.m.a.RequestMappingHandlerAdapter - Looking for @ControllerAdvice: org.springframework.web.context.support.GenericWebApplicationContext@37313c65: startup date [Mon Sep 03 11:25:42 CST 2018]; root of context hierarchy
11:26:01.620 logback [main] INFO  s.d.s.w.p.DocumentationPluginsBootstrapper - Context refreshed
11:26:02.719 logback [main] INFO  s.d.s.w.p.DocumentationPluginsBootstrapper - Found 1 custom documentation plugin(s)
11:26:02.815 logback [main] INFO  s.d.s.w.s.ApiListingReferenceScanner - Scanning for api listing references
11:26:03.688 logback [main] WARN  s.d.s.r.o.OperationImplicitParameterReader - Coercing to be of type string. This may not even be a scalar type in actuality
11:26:03.755 logback [main] WARN  s.d.s.r.o.OperationImplicitParameterReader - Coercing to be of type string. This may not even be a scalar type in actuality
11:26:04.837 logback [main] WARN  s.d.s.r.o.OperationImplicitParameterReader - Coercing to be of type string. This may not even be a scalar type in actuality
11:26:04.838 logback [main] WARN  s.d.s.r.o.OperationImplicitParameterReader - Coercing to be of type string. This may not even be a scalar type in actuality
11:26:04.839 logback [main] WARN  s.d.s.r.o.OperationImplicitParameterReader - Coercing to be of type string. This may not even be a scalar type in actuality
11:26:04.878 logback [main] WARN  s.d.s.r.o.OperationImplicitParameterReader - Coercing to be of type string. This may not even be a scalar type in actuality
11:26:04.880 logback [main] WARN  s.d.s.r.o.OperationImplicitParameterReader - Coercing to be of type string. This may not even be a scalar type in actuality
11:26:04.904 logback [main] WARN  s.d.s.r.o.OperationImplicitParameterReader - Coercing to be of type string. This may not even be a scalar type in actuality
11:26:04.905 logback [main] WARN  s.d.s.r.o.OperationImplicitParameterReader - Coercing to be of type string. This may not even be a scalar type in actuality
11:26:04.908 logback [main] WARN  s.d.s.r.o.OperationImplicitParameterReader - Coercing to be of type string. This may not even be a scalar type in actuality
11:26:04.921 logback [main] WARN  s.d.s.r.o.OperationImplicitParameterReader - Coercing to be of type string. This may not even be a scalar type in actuality
11:26:04.922 logback [main] WARN  s.d.s.r.o.OperationImplicitParameterReader - Coercing to be of type string. This may not even be a scalar type in actuality
11:26:04.922 logback [main] WARN  s.d.s.r.o.OperationImplicitParameterReader - Coercing to be of type string. This may not even be a scalar type in actuality
11:26:04.929 logback [main] WARN  s.d.s.r.o.OperationImplicitParameterReader - Coercing to be of type string. This may not even be a scalar type in actuality
11:26:04.930 logback [main] WARN  s.d.s.r.o.OperationImplicitParameterReader - Coercing to be of type string. This may not even be a scalar type in actuality
11:26:04.932 logback [main] WARN  s.d.s.r.o.OperationImplicitParameterReader - Coercing to be of type string. This may not even be a scalar type in actuality
11:26:04.932 logback [main] WARN  s.d.s.r.o.OperationImplicitParameterReader - Coercing to be of type string. This may not even be a scalar type in actuality
11:26:04.941 logback [main] WARN  s.d.s.r.o.OperationImplicitParameterReader - Coercing to be of type string. This may not even be a scalar type in actuality
11:26:04.943 logback [main] WARN  s.d.s.r.o.OperationImplicitParameterReader - Coercing to be of type string. This may not even be a scalar type in actuality
11:26:04.945 logback [main] WARN  s.d.s.r.o.OperationImplicitParameterReader - Coercing to be of type string. This may not even be a scalar type in actuality
11:26:04.946 logback [main] WARN  s.d.s.r.o.OperationImplicitParameterReader - Coercing to be of type string. This may not even be a scalar type in actuality
11:26:04.963 logback [main] WARN  s.d.s.r.o.OperationImplicitParameterReader - Coercing to be of type string. This may not even be a scalar type in actuality
11:26:04.964 logback [main] WARN  s.d.s.r.o.OperationImplicitParameterReader - Coercing to be of type string. This may not even be a scalar type in actuality
11:26:04.972 logback [main] WARN  s.d.s.r.o.OperationImplicitParameterReader - Coercing to be of type string. This may not even be a scalar type in actuality
11:26:04.976 logback [main] WARN  s.d.s.r.o.OperationImplicitParameterReader - Coercing to be of type string. This may not even be a scalar type in actuality
11:26:04.977 logback [main] WARN  s.d.s.r.o.OperationImplicitParameterReader - Coercing to be of type string. This may not even be a scalar type in actuality
11:26:04.978 logback [main] WARN  s.d.s.r.o.OperationImplicitParameterReader - Coercing to be of type string. This may not even be a scalar type in actuality
11:26:04.978 logback [main] WARN  s.d.s.r.o.OperationImplicitParameterReader - Coercing to be of type string. This may not even be a scalar type in actuality
11:26:04.979 logback [main] WARN  s.d.s.r.o.OperationImplicitParameterReader - Coercing to be of type string. This may not even be a scalar type in actuality
11:26:05.027 logback [main] WARN  s.d.s.r.o.OperationImplicitParameterReader - Coercing to be of type string. This may not even be a scalar type in actuality
11:26:05.028 logback [main] WARN  s.d.s.r.o.OperationImplicitParameterReader - Coercing to be of type string. This may not even be a scalar type in actuality
11:26:05.033 logback [main] WARN  s.d.s.r.o.OperationImplicitParameterReader - Coercing to be of type string. This may not even be a scalar type in actuality
11:26:05.034 logback [main] WARN  s.d.s.r.o.OperationImplicitParameterReader - Coercing to be of type string. This may not even be a scalar type in actuality
11:26:05.035 logback [main] WARN  s.d.s.r.o.OperationImplicitParameterReader - Coercing to be of type string. This may not even be a scalar type in actuality
11:26:05.044 logback [main] WARN  s.d.s.r.o.OperationImplicitParameterReader - Coercing to be of type string. This may not even be a scalar type in actuality
11:26:05.048 logback [main] WARN  s.d.s.r.o.OperationImplicitParameterReader - Coercing to be of type string. This may not even be a scalar type in actuality
11:26:05.050 logback [main] WARN  s.d.s.r.o.OperationImplicitParameterReader - Coercing to be of type string. This may not even be a scalar type in actuality
11:26:05.055 logback [main] WARN  s.d.s.r.o.OperationImplicitParameterReader - Coercing to be of type string. This may not even be a scalar type in actuality
11:26:05.055 logback [main] WARN  s.d.s.r.o.OperationImplicitParameterReader - Coercing to be of type string. This may not even be a scalar type in actuality
11:26:05.056 logback [main] WARN  s.d.s.r.o.OperationImplicitParameterReader - Coercing to be of type string. This may not even be a scalar type in actuality
11:26:05.062 logback [main] WARN  s.d.s.r.o.OperationImplicitParameterReader - Coercing to be of type string. This may not even be a scalar type in actuality
11:26:05.063 logback [main] WARN  s.d.s.r.o.OperationImplicitParameterReader - Coercing to be of type string. This may not even be a scalar type in actuality
11:26:05.077 logback [main] WARN  s.d.s.r.o.OperationImplicitParameterReader - Coercing to be of type string. This may not even be a scalar type in actuality
11:26:05.227 logback [main] INFO  c.e.server.ServerApplicationTests - Started ServerApplicationTests in 25.737 seconds (JVM running for 31.372)
11:26:07.522 logback [Thread-2] INFO  o.s.w.c.s.GenericWebApplicationContext - Closing org.springframework.web.context.support.GenericWebApplicationContext@37313c65: startup date [Mon Sep 03 11:25:42 CST 2018]; root of context hierarchy
