16:34:53.224 logback [main] INFO  com.example.server.ServerApplication - Starting ServerApplication on DESKTOP-2OINHSA with PID 14112 (D:\ideaWS\server\target\classes started by Ricardo in D:\ideaWS\server)
16:34:53.236 logback [main] INFO  com.example.server.ServerApplication - No active profile set, falling back to default profiles: default
16:34:53.423 logback [main] INFO  o.s.b.w.s.c.AnnotationConfigServletWebServerApplicationContext - Refreshing org.springframework.boot.web.servlet.context.AnnotationConfigServletWebServerApplicationContext@2ef3eef9: startup date [Fri Aug 10 16:34:53 CST 2018]; root of context hierarchy
16:34:55.496 logback [main] WARN  t.m.s.mapper.ClassPathMapperScanner - No MyBatis mapper was found in '[com.example.server]' package. Please check your configuration.
16:34:55.518 logback [main] WARN  o.m.s.mapper.ClassPathMapperScanner - No MyBatis mapper was found in '[com.example.server]' package. Please check your configuration.
16:34:55.637 logback [main] WARN  o.s.c.a.ConfigurationClassPostProcessor - Cannot enhance @Configuration bean definition 'mybatisConfigurer' since its singleton instance has been created too early. The typical cause is a non-static @Bean method with a BeanDefinitionRegistryPostProcessor return type: Consider declaring such methods as 'static'.
16:34:56.117 logback [main] INFO  o.s.c.s.PostProcessorRegistrationDelegate$BeanPostProcessorChecker - Bean 'org.springframework.transaction.annotation.ProxyTransactionManagementConfiguration' of type [org.springframework.transaction.annotation.ProxyTransactionManagementConfiguration$$EnhancerBySpringCGLIB$$92c7d6c7] is not eligible for getting processed by all BeanPostProcessors (for example: not eligible for auto-proxying)
16:34:56.743 logback [main] INFO  o.s.b.w.e.tomcat.TomcatWebServer - Tomcat initialized with port(s): 8080 (http)
16:34:56.768 logback [main] INFO  o.a.coyote.http11.Http11NioProtocol - Initializing ProtocolHandler ["http-nio-8080"]
16:34:56.786 logback [main] INFO  o.a.catalina.core.StandardService - Starting service [Tomcat]
16:34:56.787 logback [main] INFO  o.a.catalina.core.StandardEngine - Starting Servlet Engine: Apache Tomcat/8.5.31
16:34:56.798 logback [localhost-startStop-1] INFO  o.a.c.core.AprLifecycleListener - The APR based Apache Tomcat Native library which allows optimal performance in production environments was not found on the java.library.path: [C:\Program Files\Java\jdk1.8.0_171\bin;C:\WINDOWS\Sun\Java\bin;C:\WINDOWS\system32;C:\WINDOWS;C:\tibco\tibrv\8.3\bin;C:\Program Files (x86)\Common Files\Oracle\Java\javapath;C:\Windows\system32;C:\Windows;C:\Windows\System32\Wbem;C:\Windows\System32\WindowsPowerShell\v1.0\;C:\Program Files\nodejs\;C:\Program Files\Microsoft VS Code\bin;C:\Program Files (x86)\NVIDIA Corporation\PhysX\Common;C:\Program Files\Git\cmd;D:\Maven\apache-maven-3.5.4\bin;C:\WINDOWS\system32;C:\WINDOWS;C:\WINDOWS\System32\Wbem;C:\WINDOWS\System32\WindowsPowerShell\v1.0\;C:\WINDOWS\System32\OpenSSH\;C:\Users\Ricardo\AppData\Roaming\npm;C:\Users\Ricardo\flutter\bin;%USERPROFILE%\AppData\Local\Microsoft\WindowsApps;;.]
16:34:57.019 logback [localhost-startStop-1] INFO  o.a.c.c.C.[Tomcat].[localhost].[/] - Initializing Spring embedded WebApplicationContext
16:34:57.020 logback [localhost-startStop-1] INFO  o.s.web.context.ContextLoader - Root WebApplicationContext: initialization completed in 3597 ms
16:34:57.221 logback [localhost-startStop-1] INFO  o.s.b.w.s.ServletRegistrationBean - Servlet statViewServlet mapped to [/druid/*]
16:34:57.223 logback [localhost-startStop-1] INFO  o.s.b.w.s.ServletRegistrationBean - Servlet dispatcherServlet mapped to [/]
16:34:57.230 logback [localhost-startStop-1] INFO  o.s.b.w.s.FilterRegistrationBean - Mapping filter: 'characterEncodingFilter' to: [/*]
16:34:57.230 logback [localhost-startStop-1] INFO  o.s.b.w.s.FilterRegistrationBean - Mapping filter: 'webStatFilter' to urls: [/*]
16:34:58.850 logback [main] INFO  o.s.w.s.m.m.a.RequestMappingHandlerMapping - Mapped "{[/rockBookdetail/reserve],methods=[GET]}" onto public synchronized com.example.server.core.ret.RetResult com.example.server.controller.RockBookdetailController.reserve(java.lang.String,java.lang.String,java.lang.String,java.lang.String,java.lang.String)
16:34:58.853 logback [main] INFO  o.s.w.s.m.m.a.RequestMappingHandlerMapping - Mapped "{[/rockBookdetail/getBookdetail],methods=[GET]}" onto public com.example.server.core.ret.RetResult<com.example.server.model.RockBookdetail> com.example.server.controller.RockBookdetailController.getBookdetail(java.lang.String,java.lang.String)
16:34:58.853 logback [main] INFO  o.s.w.s.m.m.a.RequestMappingHandlerMapping - Mapped "{[/rockBookdetail/getBookdetailDay],methods=[GET]}" onto public com.example.server.core.ret.RetResult<java.util.List<com.example.server.model.RockBookdetail>> com.example.server.controller.RockBookdetailController.getBookdetailDay(java.lang.String,java.lang.String,java.lang.String)
16:34:58.854 logback [main] INFO  o.s.w.s.m.m.a.RequestMappingHandlerMapping - Mapped "{[/rockBookdetail/getReserveFuture],methods=[GET]}" onto public com.example.server.core.ret.RetResult<java.util.List<com.example.server.model.RockBookdetail>> com.example.server.controller.RockBookdetailController.getReserveFuture(java.lang.String)
16:34:58.854 logback [main] INFO  o.s.w.s.m.m.a.RequestMappingHandlerMapping - Mapped "{[/rockBookdetail/cancelReserveByIdReplace],methods=[GET]}" onto public com.example.server.core.ret.RetResult com.example.server.controller.RockBookdetailController.cancelReserveByIdReplace(java.lang.String,java.lang.String,java.lang.String)
16:34:58.855 logback [main] INFO  o.s.w.s.m.m.a.RequestMappingHandlerMapping - Mapped "{[/rockBookdetail/getBookdetailMonth],methods=[GET]}" onto public com.example.server.core.ret.RetResult<java.util.HashMap> com.example.server.controller.RockBookdetailController.getBookdetailMonth(java.lang.String,java.lang.String)
16:34:58.855 logback [main] INFO  o.s.w.s.m.m.a.RequestMappingHandlerMapping - Mapped "{[/rockBookdetail/getBookdetailBetween],methods=[GET]}" onto public com.example.server.core.ret.RetResult<java.util.List<com.example.server.model.RockBookdetail>> com.example.server.controller.RockBookdetailController.getBookdetailBetween(java.lang.String,java.lang.String,java.lang.String)
16:34:58.856 logback [main] INFO  o.s.w.s.m.m.a.RequestMappingHandlerMapping - Mapped "{[/rockBookdetail/getBookdetailMonthDetail],methods=[GET]}" onto public com.example.server.core.ret.RetResult<java.util.List<com.example.server.model.RockBookdetail>> com.example.server.controller.RockBookdetailController.getBookdetailMonthDetail(java.lang.String,java.lang.String)
16:34:58.856 logback [main] INFO  o.s.w.s.m.m.a.RequestMappingHandlerMapping - Mapped "{[/rockBookdetail/getBookdetailDayWithShiftflag],methods=[GET]}" onto public com.example.server.core.ret.RetResult<java.util.List<com.example.server.model.RockBookdetail>> com.example.server.controller.RockBookdetailController.getBookdetailDayWithShiftflag(java.lang.String,java.lang.String,java.lang.String,java.lang.String)
16:34:58.857 logback [main] INFO  o.s.w.s.m.m.a.RequestMappingHandlerMapping - Mapped "{[/rockBookdetail/cancelReserveById],methods=[GET]}" onto public com.example.server.core.ret.RetResult com.example.server.controller.RockBookdetailController.cancelReserveById(java.lang.String,java.lang.String)
16:34:58.858 logback [main] INFO  o.s.w.s.m.m.a.RequestMappingHandlerMapping - Mapped "{[/rockBookdetail/getBookdetailWeek],methods=[GET]}" onto public com.example.server.core.ret.RetResult<java.util.HashMap> com.example.server.controller.RockBookdetailController.getBookdetailWeek(java.lang.String,java.lang.String)
16:34:58.859 logback [main] INFO  o.s.w.s.m.m.a.RequestMappingHandlerMapping - Mapped "{[/rockDailyworkstation/getDailyWorkstation],methods=[GET]}" onto public com.example.server.core.ret.RetResult<java.util.List<com.example.server.model.RockDailyworkstation>> com.example.server.controller.RockDailyworkstationController.getDailyWorkstation(java.lang.String,java.lang.String)
16:34:58.860 logback [main] INFO  o.s.w.s.m.m.a.RequestMappingHandlerMapping - Mapped "{[/rockOpcapacityinfo/getLastCapacityInfoByEmpid],methods=[GET]}" onto public com.example.server.core.ret.RetResult<com.example.server.model.RockOpcapacityinfo> com.example.server.controller.RockOpcapacityinfoController.getLastCapacityInfoByEmpid(java.lang.String)
16:34:58.861 logback [main] INFO  o.s.w.s.m.m.a.RequestMappingHandlerMapping - Mapped "{[/rockOpcapacityinfo/getCapacityInfo],methods=[GET]}" onto public com.example.server.core.ret.RetResult<java.util.HashMap> com.example.server.controller.RockOpcapacityinfoController.getCapacityInfo(java.lang.String,java.lang.String,java.lang.String)
16:34:58.866 logback [main] INFO  o.s.w.s.m.m.a.RequestMappingHandlerMapping - Mapped "{[/rockOpemp/changePasswordByEmpid],methods=[GET]}" onto public com.example.server.core.ret.RetResult com.example.server.controller.RockOpempController.changePasswordByEmpid(java.lang.String,java.lang.String,java.lang.String)
16:34:58.867 logback [main] INFO  o.s.w.s.m.m.a.RequestMappingHandlerMapping - Mapped "{[/rockOpemp/login],methods=[GET]}" onto public com.example.server.core.ret.RetResult<com.example.server.model.RockOpemp> com.example.server.controller.RockOpempController.login(java.lang.String,java.lang.String)
16:34:58.869 logback [main] INFO  o.s.w.s.m.m.a.RequestMappingHandlerMapping - Mapped "{[/rockOpemp/changePassword],methods=[GET]}" onto public com.example.server.core.ret.RetResult com.example.server.controller.RockOpempController.changePassword(java.lang.String,java.lang.String)
16:34:58.870 logback [main] INFO  o.s.w.s.m.m.a.RequestMappingHandlerMapping - Mapped "{[/rockOpmanager/getOpmanagerData],methods=[GET]}" onto public com.example.server.core.ret.RetResult<com.example.server.model.RockOpmanage> com.example.server.controller.RockOpmanagerController.getOpmanagerData(java.lang.String)
16:34:58.872 logback [main] INFO  o.s.w.s.m.m.a.RequestMappingHandlerMapping - Mapped "{[/v2/api-docs],methods=[GET],produces=[application/json || application/hal+json]}" onto public org.springframework.http.ResponseEntity<springfox.documentation.spring.web.json.Json> springfox.documentation.swagger2.web.Swagger2Controller.getDocumentation(java.lang.String,javax.servlet.http.HttpServletRequest)
16:34:58.877 logback [main] INFO  o.s.w.s.m.m.a.RequestMappingHandlerMapping - Mapped "{[/configuration/ui]}" onto org.springframework.http.ResponseEntity<springfox.documentation.swagger.web.UiConfiguration> springfox.documentation.swagger.web.ApiResourceController.uiConfiguration()
16:34:58.878 logback [main] INFO  o.s.w.s.m.m.a.RequestMappingHandlerMapping - Mapped "{[/swagger-resources]}" onto org.springframework.http.ResponseEntity<java.util.List<springfox.documentation.swagger.web.SwaggerResource>> springfox.documentation.swagger.web.ApiResourceController.swaggerResources()
16:34:58.879 logback [main] INFO  o.s.w.s.m.m.a.RequestMappingHandlerMapping - Mapped "{[/configuration/security]}" onto org.springframework.http.ResponseEntity<springfox.documentation.swagger.web.SecurityConfiguration> springfox.documentation.swagger.web.ApiResourceController.securityConfiguration()
16:34:58.884 logback [main] INFO  o.s.w.s.m.m.a.RequestMappingHandlerMapping - Mapped "{[/error]}" onto public org.springframework.http.ResponseEntity<java.util.Map<java.lang.String, java.lang.Object>> org.springframework.boot.autoconfigure.web.servlet.error.BasicErrorController.error(javax.servlet.http.HttpServletRequest)
16:34:58.885 logback [main] INFO  o.s.w.s.m.m.a.RequestMappingHandlerMapping - Mapped "{[/error],produces=[text/html]}" onto public org.springframework.web.servlet.ModelAndView org.springframework.boot.autoconfigure.web.servlet.error.BasicErrorController.errorHtml(javax.servlet.http.HttpServletRequest,javax.servlet.http.HttpServletResponse)
16:34:59.097 logback [main] INFO  o.s.w.s.h.SimpleUrlHandlerMapping - Mapped URL path [/swagger-ui.html] onto handler of type [class org.springframework.web.servlet.resource.ResourceHttpRequestHandler]
16:34:59.097 logback [main] INFO  o.s.w.s.h.SimpleUrlHandlerMapping - Mapped URL path [/doc.html] onto handler of type [class org.springframework.web.servlet.resource.ResourceHttpRequestHandler]
16:34:59.097 logback [main] INFO  o.s.w.s.h.SimpleUrlHandlerMapping - Mapped URL path [/static/**] onto handler of type [class org.springframework.web.servlet.resource.ResourceHttpRequestHandler]
16:34:59.097 logback [main] INFO  o.s.w.s.h.SimpleUrlHandlerMapping - Mapped URL path [/app-release.apk] onto handler of type [class org.springframework.web.servlet.resource.ResourceHttpRequestHandler]
16:34:59.097 logback [main] INFO  o.s.w.s.h.SimpleUrlHandlerMapping - Mapped URL path [/webjars/**] onto handler of type [class org.springframework.web.servlet.resource.ResourceHttpRequestHandler]
16:34:59.274 logback [main] INFO  o.s.w.s.m.m.a.RequestMappingHandlerAdapter - Looking for @ControllerAdvice: org.springframework.boot.web.servlet.context.AnnotationConfigServletWebServerApplicationContext@2ef3eef9: startup date [Fri Aug 10 16:34:53 CST 2018]; root of context hierarchy
16:34:59.974 logback [main] INFO  o.s.j.e.a.AnnotationMBeanExporter - Registering beans for JMX exposure on startup
16:34:59.976 logback [main] INFO  o.s.j.e.a.AnnotationMBeanExporter - Bean with name 'getDataSource' has been autodetected for JMX exposure
16:34:59.986 logback [main] INFO  o.s.j.e.a.AnnotationMBeanExporter - Located MBean 'getDataSource': registering with JMX server as MBean [com.alibaba.druid.pool:name=getDataSource,type=DruidDataSource]
16:35:00.003 logback [main] INFO  s.d.s.w.p.DocumentationPluginsBootstrapper - Context refreshed
16:35:00.044 logback [main] INFO  s.d.s.w.p.DocumentationPluginsBootstrapper - Found 1 custom documentation plugin(s)
16:35:00.059 logback [main] INFO  s.d.s.w.s.ApiListingReferenceScanner - Scanning for api listing references
16:35:00.172 logback [main] WARN  s.d.s.r.o.OperationImplicitParameterReader - Coercing to be of type string. This may not even be a scalar type in actuality
16:35:00.173 logback [main] WARN  s.d.s.r.o.OperationImplicitParameterReader - Coercing to be of type string. This may not even be a scalar type in actuality
16:35:00.234 logback [main] WARN  s.d.s.r.o.OperationImplicitParameterReader - Coercing to be of type string. This may not even be a scalar type in actuality
16:35:00.235 logback [main] WARN  s.d.s.r.o.OperationImplicitParameterReader - Coercing to be of type string. This may not even be a scalar type in actuality
16:35:00.235 logback [main] WARN  s.d.s.r.o.OperationImplicitParameterReader - Coercing to be of type string. This may not even be a scalar type in actuality
16:35:00.258 logback [main] WARN  s.d.s.r.o.OperationImplicitParameterReader - Coercing to be of type string. This may not even be a scalar type in actuality
16:35:00.258 logback [main] WARN  s.d.s.r.o.OperationImplicitParameterReader - Coercing to be of type string. This may not even be a scalar type in actuality
16:35:00.274 logback [main] WARN  s.d.s.r.o.OperationImplicitParameterReader - Coercing to be of type string. This may not even be a scalar type in actuality
16:35:00.274 logback [main] WARN  s.d.s.r.o.OperationImplicitParameterReader - Coercing to be of type string. This may not even be a scalar type in actuality
16:35:00.274 logback [main] WARN  s.d.s.r.o.OperationImplicitParameterReader - Coercing to be of type string. This may not even be a scalar type in actuality
16:35:00.278 logback [main] WARN  s.d.s.r.o.OperationImplicitParameterReader - Coercing to be of type string. This may not even be a scalar type in actuality
16:35:00.278 logback [main] WARN  s.d.s.r.o.OperationImplicitParameterReader - Coercing to be of type string. This may not even be a scalar type in actuality
16:35:00.278 logback [main] WARN  s.d.s.r.o.OperationImplicitParameterReader - Coercing to be of type string. This may not even be a scalar type in actuality
16:35:00.287 logback [main] WARN  s.d.s.r.o.OperationImplicitParameterReader - Coercing to be of type string. This may not even be a scalar type in actuality
16:35:00.287 logback [main] WARN  s.d.s.r.o.OperationImplicitParameterReader - Coercing to be of type string. This may not even be a scalar type in actuality
16:35:00.287 logback [main] WARN  s.d.s.r.o.OperationImplicitParameterReader - Coercing to be of type string. This may not even be a scalar type in actuality
16:35:00.287 logback [main] WARN  s.d.s.r.o.OperationImplicitParameterReader - Coercing to be of type string. This may not even be a scalar type in actuality
16:35:00.298 logback [main] WARN  s.d.s.r.o.OperationImplicitParameterReader - Coercing to be of type string. This may not even be a scalar type in actuality
16:35:00.298 logback [main] WARN  s.d.s.r.o.OperationImplicitParameterReader - Coercing to be of type string. This may not even be a scalar type in actuality
16:35:00.305 logback [main] WARN  s.d.s.r.o.OperationImplicitParameterReader - Coercing to be of type string. This may not even be a scalar type in actuality
16:35:00.305 logback [main] WARN  s.d.s.r.o.OperationImplicitParameterReader - Coercing to be of type string. This may not even be a scalar type in actuality
16:35:00.347 logback [main] WARN  s.d.s.r.o.OperationImplicitParameterReader - Coercing to be of type string. This may not even be a scalar type in actuality
16:35:00.347 logback [main] WARN  s.d.s.r.o.OperationImplicitParameterReader - Coercing to be of type string. This may not even be a scalar type in actuality
16:35:00.354 logback [main] WARN  s.d.s.r.o.OperationImplicitParameterReader - Coercing to be of type string. This may not even be a scalar type in actuality
16:35:00.358 logback [main] WARN  s.d.s.r.o.OperationImplicitParameterReader - Coercing to be of type string. This may not even be a scalar type in actuality
16:35:00.358 logback [main] WARN  s.d.s.r.o.OperationImplicitParameterReader - Coercing to be of type string. This may not even be a scalar type in actuality
16:35:00.359 logback [main] WARN  s.d.s.r.o.OperationImplicitParameterReader - Coercing to be of type string. This may not even be a scalar type in actuality
16:35:00.359 logback [main] WARN  s.d.s.r.o.OperationImplicitParameterReader - Coercing to be of type string. This may not even be a scalar type in actuality
16:35:00.359 logback [main] WARN  s.d.s.r.o.OperationImplicitParameterReader - Coercing to be of type string. This may not even be a scalar type in actuality
16:35:00.379 logback [main] WARN  s.d.s.r.o.OperationImplicitParameterReader - Coercing to be of type string. This may not even be a scalar type in actuality
16:35:00.379 logback [main] WARN  s.d.s.r.o.OperationImplicitParameterReader - Coercing to be of type string. This may not even be a scalar type in actuality
16:35:00.386 logback [main] WARN  s.d.s.r.o.OperationImplicitParameterReader - Coercing to be of type string. This may not even be a scalar type in actuality
16:35:00.386 logback [main] WARN  s.d.s.r.o.OperationImplicitParameterReader - Coercing to be of type string. This may not even be a scalar type in actuality
16:35:00.387 logback [main] WARN  s.d.s.r.o.OperationImplicitParameterReader - Coercing to be of type string. This may not even be a scalar type in actuality
16:35:00.404 logback [main] WARN  s.d.s.r.o.OperationImplicitParameterReader - Coercing to be of type string. This may not even be a scalar type in actuality
16:35:00.409 logback [main] WARN  s.d.s.r.o.OperationImplicitParameterReader - Coercing to be of type string. This may not even be a scalar type in actuality
16:35:00.409 logback [main] WARN  s.d.s.r.o.OperationImplicitParameterReader - Coercing to be of type string. This may not even be a scalar type in actuality
16:35:00.412 logback [main] WARN  s.d.s.r.o.OperationImplicitParameterReader - Coercing to be of type string. This may not even be a scalar type in actuality
16:35:00.412 logback [main] WARN  s.d.s.r.o.OperationImplicitParameterReader - Coercing to be of type string. This may not even be a scalar type in actuality
16:35:00.412 logback [main] WARN  s.d.s.r.o.OperationImplicitParameterReader - Coercing to be of type string. This may not even be a scalar type in actuality
16:35:00.419 logback [main] WARN  s.d.s.r.o.OperationImplicitParameterReader - Coercing to be of type string. This may not even be a scalar type in actuality
16:35:00.419 logback [main] WARN  s.d.s.r.o.OperationImplicitParameterReader - Coercing to be of type string. This may not even be a scalar type in actuality
16:35:00.426 logback [main] WARN  s.d.s.r.o.OperationImplicitParameterReader - Coercing to be of type string. This may not even be a scalar type in actuality
16:35:00.486 logback [main] INFO  o.a.coyote.http11.Http11NioProtocol - Starting ProtocolHandler ["http-nio-8080"]
16:35:00.508 logback [main] INFO  o.a.tomcat.util.net.NioSelectorPool - Using a shared selector for servlet write/read
16:35:00.546 logback [main] INFO  o.s.b.w.e.tomcat.TomcatWebServer - Tomcat started on port(s): 8080 (http) with context path ''
16:35:00.554 logback [main] INFO  com.example.server.ServerApplication - Started ServerApplication in 8.104 seconds (JVM running for 9.255)
16:35:07.443 logback [http-nio-8080-exec-1] INFO  o.a.c.c.C.[Tomcat].[localhost].[/] - Initializing Spring FrameworkServlet 'dispatcherServlet'
16:35:07.443 logback [http-nio-8080-exec-1] INFO  o.s.web.servlet.DispatcherServlet - FrameworkServlet 'dispatcherServlet': initialization started
16:35:07.486 logback [http-nio-8080-exec-1] INFO  o.s.web.servlet.DispatcherServlet - FrameworkServlet 'dispatcherServlet': initialization completed in 43 ms
16:35:07.517 logback [http-nio-8080-exec-2] WARN  o.s.web.servlet.PageNotFound - No mapping found for HTTP request with URI [/images/favicon-32x32.png] in DispatcherServlet with name 'dispatcherServlet'
16:35:07.608 logback [http-nio-8080-exec-4] WARN  o.s.web.servlet.PageNotFound - No mapping found for HTTP request with URI [/images/favicon-16x16.png] in DispatcherServlet with name 'dispatcherServlet'
16:35:09.327 logback [http-nio-8080-exec-9] WARN  o.s.web.servlet.PageNotFound - No mapping found for HTTP request with URI [/images/favicon-32x32.png] in DispatcherServlet with name 'dispatcherServlet'
16:35:09.333 logback [http-nio-8080-exec-8] WARN  o.s.web.servlet.PageNotFound - No mapping found for HTTP request with URI [/images/favicon-16x16.png] in DispatcherServlet with name 'dispatcherServlet'
16:35:13.332 logback [http-nio-8080-exec-7] WARN  o.s.web.servlet.PageNotFound - No mapping found for HTTP request with URI [/images/favicon-32x32.png] in DispatcherServlet with name 'dispatcherServlet'
16:35:13.338 logback [http-nio-8080-exec-6] WARN  o.s.web.servlet.PageNotFound - No mapping found for HTTP request with URI [/images/favicon-16x16.png] in DispatcherServlet with name 'dispatcherServlet'
16:35:39.704 logback [http-nio-8080-exec-2] INFO  c.alibaba.druid.pool.DruidDataSource - {dataSource-1} inited
16:38:11.046 logback [http-nio-8080-exec-8] WARN  o.s.web.servlet.PageNotFound - No mapping found for HTTP request with URI [/images/favicon-32x32.png] in DispatcherServlet with name 'dispatcherServlet'
16:38:11.060 logback [http-nio-8080-exec-6] WARN  o.s.web.servlet.PageNotFound - No mapping found for HTTP request with URI [/images/favicon-16x16.png] in DispatcherServlet with name 'dispatcherServlet'
16:38:12.944 logback [http-nio-8080-exec-1] WARN  o.s.web.servlet.PageNotFound - No mapping found for HTTP request with URI [/images/favicon-32x32.png] in DispatcherServlet with name 'dispatcherServlet'
16:38:12.949 logback [http-nio-8080-exec-4] WARN  o.s.web.servlet.PageNotFound - No mapping found for HTTP request with URI [/images/favicon-16x16.png] in DispatcherServlet with name 'dispatcherServlet'
16:38:15.201 logback [http-nio-8080-exec-3] WARN  o.s.web.servlet.PageNotFound - No mapping found for HTTP request with URI [/images/favicon-32x32.png] in DispatcherServlet with name 'dispatcherServlet'
16:38:15.207 logback [http-nio-8080-exec-5] WARN  o.s.web.servlet.PageNotFound - No mapping found for HTTP request with URI [/images/favicon-16x16.png] in DispatcherServlet with name 'dispatcherServlet'
16:38:29.102 logback [http-nio-8080-exec-9] WARN  o.s.web.servlet.PageNotFound - No mapping found for HTTP request with URI [/images/favicon-32x32.png] in DispatcherServlet with name 'dispatcherServlet'
16:38:29.110 logback [http-nio-8080-exec-8] WARN  o.s.web.servlet.PageNotFound - No mapping found for HTTP request with URI [/images/favicon-16x16.png] in DispatcherServlet with name 'dispatcherServlet'
