08:28:53.403 logback [RMI TCP Connection(2)-127.0.0.1] INFO  o.s.b.a.SpringApplicationAdminMXBeanRegistrar$SpringApplicationAdmin - Application shutdown requested.
08:28:53.415 logback [RMI TCP Connection(2)-127.0.0.1] INFO  o.s.b.w.s.c.AnnotationConfigServletWebServerApplicationContext - Closing org.springframework.boot.web.servlet.context.AnnotationConfigServletWebServerApplicationContext@1725dc0f: startup date [Mon Aug 27 17:47:17 CST 2018]; root of context hierarchy
08:28:53.419 logback [RMI TCP Connection(2)-127.0.0.1] INFO  o.s.j.e.a.AnnotationMBeanExporter - Unregistering JMX-exposed beans on shutdown
08:28:53.420 logback [RMI TCP Connection(2)-127.0.0.1] INFO  o.s.j.e.a.AnnotationMBeanExporter - Unregistering JMX-exposed beans
10:24:01.413 logback [main] INFO  c.e.server.ServerApplicationTests - Starting ServerApplicationTests on VDICIM50109479C with PID 6856 (started by 50109479c in H:\sourcecode\opReserve\server)
10:24:01.422 logback [main] INFO  c.e.server.ServerApplicationTests - No active profile set, falling back to default profiles: default
10:24:02.457 logback [main] INFO  o.s.w.c.s.GenericWebApplicationContext - Refreshing org.springframework.web.context.support.GenericWebApplicationContext@5a7fe64f: startup date [Tue Aug 28 10:24:02 CST 2018]; root of context hierarchy
10:24:10.077 logback [main] WARN  t.m.s.mapper.ClassPathMapperScanner - No MyBatis mapper was found in '[com.example.server]' package. Please check your configuration.
10:24:10.119 logback [main] WARN  o.m.s.mapper.ClassPathMapperScanner - No MyBatis mapper was found in '[com.example.server]' package. Please check your configuration.
10:24:10.573 logback [main] WARN  o.s.c.a.ConfigurationClassPostProcessor - Cannot enhance @Configuration bean definition 'mybatisConfigurer' since its singleton instance has been created too early. The typical cause is a non-static @Bean method with a BeanDefinitionRegistryPostProcessor return type: Consider declaring such methods as 'static'.
10:24:12.573 logback [main] INFO  o.s.c.s.PostProcessorRegistrationDelegate$BeanPostProcessorChecker - Bean 'org.springframework.transaction.annotation.ProxyTransactionManagementConfiguration' of type [org.springframework.transaction.annotation.ProxyTransactionManagementConfiguration$$EnhancerBySpringCGLIB$$78fc1396] is not eligible for getting processed by all BeanPostProcessors (for example: not eligible for auto-proxying)
10:24:20.158 logback [main] INFO  o.s.w.s.m.m.a.RequestMappingHandlerMapping - Mapped "{[/rockBookdetail/reserve],methods=[GET]}" onto public synchronized com.example.server.core.ret.RetResult com.example.server.controller.RockBookdetailController.reserve(java.lang.String,java.lang.String,java.lang.String,java.lang.String,java.lang.String)
10:24:20.163 logback [main] INFO  o.s.w.s.m.m.a.RequestMappingHandlerMapping - Mapped "{[/rockBookdetail/getBookdetail],methods=[GET]}" onto public com.example.server.core.ret.RetResult<com.example.server.model.RockBookdetail> com.example.server.controller.RockBookdetailController.getBookdetail(java.lang.String,java.lang.String)
10:24:20.164 logback [main] INFO  o.s.w.s.m.m.a.RequestMappingHandlerMapping - Mapped "{[/rockBookdetail/getBookdetailDay],methods=[GET]}" onto public com.example.server.core.ret.RetResult<java.util.List<com.example.server.model.RockBookdetail>> com.example.server.controller.RockBookdetailController.getBookdetailDay(java.lang.String,java.lang.String,java.lang.String)
10:24:20.165 logback [main] INFO  o.s.w.s.m.m.a.RequestMappingHandlerMapping - Mapped "{[/rockBookdetail/getReserveFuture],methods=[GET]}" onto public com.example.server.core.ret.RetResult<java.util.List<com.example.server.model.RockBookdetail>> com.example.server.controller.RockBookdetailController.getReserveFuture(java.lang.String)
10:24:20.166 logback [main] INFO  o.s.w.s.m.m.a.RequestMappingHandlerMapping - Mapped "{[/rockBookdetail/getBookdetailMonth],methods=[GET]}" onto public com.example.server.core.ret.RetResult<java.util.HashMap> com.example.server.controller.RockBookdetailController.getBookdetailMonth(java.lang.String,java.lang.String)
10:24:20.167 logback [main] INFO  o.s.w.s.m.m.a.RequestMappingHandlerMapping - Mapped "{[/rockBookdetail/getBookdetailMonthDetail],methods=[GET]}" onto public com.example.server.core.ret.RetResult<java.util.List<com.example.server.model.RockBookdetail>> com.example.server.controller.RockBookdetailController.getBookdetailMonthDetail(java.lang.String,java.lang.String)
10:24:20.168 logback [main] INFO  o.s.w.s.m.m.a.RequestMappingHandlerMapping - Mapped "{[/rockBookdetail/getBookdetailDayWithShiftflag],methods=[GET]}" onto public com.example.server.core.ret.RetResult<java.util.List<com.example.server.model.RockBookdetail>> com.example.server.controller.RockBookdetailController.getBookdetailDayWithShiftflag(java.lang.String,java.lang.String,java.lang.String,java.lang.String)
10:24:20.168 logback [main] INFO  o.s.w.s.m.m.a.RequestMappingHandlerMapping - Mapped "{[/rockBookdetail/getBookdetailWeek],methods=[GET]}" onto public com.example.server.core.ret.RetResult<java.util.HashMap> com.example.server.controller.RockBookdetailController.getBookdetailWeek(java.lang.String,java.lang.String)
10:24:20.171 logback [main] INFO  o.s.w.s.m.m.a.RequestMappingHandlerMapping - Mapped "{[/rockBookdetail/getBookdetailBetween],methods=[GET]}" onto public com.example.server.core.ret.RetResult<java.util.List<com.example.server.model.RockBookdetail>> com.example.server.controller.RockBookdetailController.getBookdetailBetween(java.lang.String,java.lang.String,java.lang.String)
10:24:20.172 logback [main] INFO  o.s.w.s.m.m.a.RequestMappingHandlerMapping - Mapped "{[/rockBookdetail/cancelReserveById],methods=[GET]}" onto public com.example.server.core.ret.RetResult com.example.server.controller.RockBookdetailController.cancelReserveById(java.lang.String,java.lang.String)
10:24:20.173 logback [main] INFO  o.s.w.s.m.m.a.RequestMappingHandlerMapping - Mapped "{[/rockBookdetail/cancelReserveByIdReplace],methods=[GET]}" onto public com.example.server.core.ret.RetResult com.example.server.controller.RockBookdetailController.cancelReserveByIdReplace(java.lang.String,java.lang.String,java.lang.String)
10:24:20.175 logback [main] INFO  o.s.w.s.m.m.a.RequestMappingHandlerMapping - Mapped "{[/rockDailyworkstation/getDailyWorkstation],methods=[GET]}" onto public com.example.server.core.ret.RetResult<java.util.List<com.example.server.model.RockDailyworkstation>> com.example.server.controller.RockDailyworkstationController.getDailyWorkstation(java.lang.String,java.lang.String)
10:24:20.177 logback [main] INFO  o.s.w.s.m.m.a.RequestMappingHandlerMapping - Mapped "{[/rockOpcapacityinfo/getCapacityInfo],methods=[GET]}" onto public com.example.server.core.ret.RetResult<java.util.HashMap> com.example.server.controller.RockOpcapacityinfoController.getCapacityInfo(java.lang.String,java.lang.String,java.lang.String)
10:24:20.178 logback [main] INFO  o.s.w.s.m.m.a.RequestMappingHandlerMapping - Mapped "{[/rockOpcapacityinfo/getLastCapacityInfoByEmpid],methods=[GET]}" onto public com.example.server.core.ret.RetResult<com.example.server.model.RockOpcapacityinfo> com.example.server.controller.RockOpcapacityinfoController.getLastCapacityInfoByEmpid(java.lang.String)
10:24:20.183 logback [main] INFO  o.s.w.s.m.m.a.RequestMappingHandlerMapping - Mapped "{[/rockOpemp/login],methods=[GET]}" onto public com.example.server.core.ret.RetResult<com.example.server.model.RockOpemp> com.example.server.controller.RockOpempController.login(java.lang.String,java.lang.String)
10:24:20.183 logback [main] INFO  o.s.w.s.m.m.a.RequestMappingHandlerMapping - Mapped "{[/rockOpemp/changePassword],methods=[GET]}" onto public com.example.server.core.ret.RetResult com.example.server.controller.RockOpempController.changePassword(java.lang.String,java.lang.String)
10:24:20.185 logback [main] INFO  o.s.w.s.m.m.a.RequestMappingHandlerMapping - Mapped "{[/rockOpemp/changePasswordByEmpid],methods=[GET]}" onto public com.example.server.core.ret.RetResult com.example.server.controller.RockOpempController.changePasswordByEmpid(java.lang.String,java.lang.String,java.lang.String)
10:24:20.187 logback [main] INFO  o.s.w.s.m.m.a.RequestMappingHandlerMapping - Mapped "{[/rockOpmanager/getOpmanagerData],methods=[GET]}" onto public com.example.server.core.ret.RetResult<com.example.server.model.RockOpmanage> com.example.server.controller.RockOpmanagerController.getOpmanagerData(java.lang.String)
10:24:20.189 logback [main] INFO  o.s.w.s.m.m.a.RequestMappingHandlerMapping - Mapped "{[/v2/api-docs],methods=[GET],produces=[application/json || application/hal+json]}" onto public org.springframework.http.ResponseEntity<springfox.documentation.spring.web.json.Json> springfox.documentation.swagger2.web.Swagger2Controller.getDocumentation(java.lang.String,javax.servlet.http.HttpServletRequest)
10:24:20.192 logback [main] INFO  o.s.w.s.m.m.a.RequestMappingHandlerMapping - Mapped "{[/configuration/security]}" onto org.springframework.http.ResponseEntity<springfox.documentation.swagger.web.SecurityConfiguration> springfox.documentation.swagger.web.ApiResourceController.securityConfiguration()
10:24:20.193 logback [main] INFO  o.s.w.s.m.m.a.RequestMappingHandlerMapping - Mapped "{[/configuration/ui]}" onto org.springframework.http.ResponseEntity<springfox.documentation.swagger.web.UiConfiguration> springfox.documentation.swagger.web.ApiResourceController.uiConfiguration()
10:24:20.197 logback [main] INFO  o.s.w.s.m.m.a.RequestMappingHandlerMapping - Mapped "{[/swagger-resources]}" onto org.springframework.http.ResponseEntity<java.util.List<springfox.documentation.swagger.web.SwaggerResource>> springfox.documentation.swagger.web.ApiResourceController.swaggerResources()
10:24:20.209 logback [main] INFO  o.s.w.s.m.m.a.RequestMappingHandlerMapping - Mapped "{[/error]}" onto public org.springframework.http.ResponseEntity<java.util.Map<java.lang.String, java.lang.Object>> org.springframework.boot.autoconfigure.web.servlet.error.BasicErrorController.error(javax.servlet.http.HttpServletRequest)
10:24:20.209 logback [main] INFO  o.s.w.s.m.m.a.RequestMappingHandlerMapping - Mapped "{[/error],produces=[text/html]}" onto public org.springframework.web.servlet.ModelAndView org.springframework.boot.autoconfigure.web.servlet.error.BasicErrorController.errorHtml(javax.servlet.http.HttpServletRequest,javax.servlet.http.HttpServletResponse)
10:24:21.725 logback [main] INFO  o.s.w.s.h.SimpleUrlHandlerMapping - Mapped URL path [/swagger-ui.html] onto handler of type [class org.springframework.web.servlet.resource.ResourceHttpRequestHandler]
10:24:21.725 logback [main] INFO  o.s.w.s.h.SimpleUrlHandlerMapping - Mapped URL path [/doc.html] onto handler of type [class org.springframework.web.servlet.resource.ResourceHttpRequestHandler]
10:24:21.726 logback [main] INFO  o.s.w.s.h.SimpleUrlHandlerMapping - Mapped URL path [/static/**] onto handler of type [class org.springframework.web.servlet.resource.ResourceHttpRequestHandler]
10:24:21.726 logback [main] INFO  o.s.w.s.h.SimpleUrlHandlerMapping - Mapped URL path [/app-release.apk] onto handler of type [class org.springframework.web.servlet.resource.ResourceHttpRequestHandler]
10:24:21.727 logback [main] INFO  o.s.w.s.h.SimpleUrlHandlerMapping - Mapped URL path [/webjars/**] onto handler of type [class org.springframework.web.servlet.resource.ResourceHttpRequestHandler]
10:24:22.684 logback [main] INFO  o.s.w.s.m.m.a.RequestMappingHandlerAdapter - Looking for @ControllerAdvice: org.springframework.web.context.support.GenericWebApplicationContext@5a7fe64f: startup date [Tue Aug 28 10:24:02 CST 2018]; root of context hierarchy
10:24:26.272 logback [main] INFO  s.d.s.w.p.DocumentationPluginsBootstrapper - Context refreshed
10:24:26.891 logback [main] INFO  s.d.s.w.p.DocumentationPluginsBootstrapper - Found 1 custom documentation plugin(s)
10:24:27.108 logback [main] INFO  s.d.s.w.s.ApiListingReferenceScanner - Scanning for api listing references
10:24:28.511 logback [main] WARN  s.d.s.r.o.OperationImplicitParameterReader - Coercing to be of type string. This may not even be a scalar type in actuality
10:24:28.534 logback [main] WARN  s.d.s.r.o.OperationImplicitParameterReader - Coercing to be of type string. This may not even be a scalar type in actuality
10:24:30.094 logback [main] WARN  s.d.s.r.o.OperationImplicitParameterReader - Coercing to be of type string. This may not even be a scalar type in actuality
10:24:30.095 logback [main] WARN  s.d.s.r.o.OperationImplicitParameterReader - Coercing to be of type string. This may not even be a scalar type in actuality
10:24:30.096 logback [main] WARN  s.d.s.r.o.OperationImplicitParameterReader - Coercing to be of type string. This may not even be a scalar type in actuality
10:24:30.123 logback [main] WARN  s.d.s.r.o.OperationImplicitParameterReader - Coercing to be of type string. This may not even be a scalar type in actuality
10:24:30.124 logback [main] WARN  s.d.s.r.o.OperationImplicitParameterReader - Coercing to be of type string. This may not even be a scalar type in actuality
10:24:30.146 logback [main] WARN  s.d.s.r.o.OperationImplicitParameterReader - Coercing to be of type string. This may not even be a scalar type in actuality
10:24:30.160 logback [main] WARN  s.d.s.r.o.OperationImplicitParameterReader - Coercing to be of type string. This may not even be a scalar type in actuality
10:24:30.161 logback [main] WARN  s.d.s.r.o.OperationImplicitParameterReader - Coercing to be of type string. This may not even be a scalar type in actuality
10:24:30.165 logback [main] WARN  s.d.s.r.o.OperationImplicitParameterReader - Coercing to be of type string. This may not even be a scalar type in actuality
10:24:30.166 logback [main] WARN  s.d.s.r.o.OperationImplicitParameterReader - Coercing to be of type string. This may not even be a scalar type in actuality
10:24:30.167 logback [main] WARN  s.d.s.r.o.OperationImplicitParameterReader - Coercing to be of type string. This may not even be a scalar type in actuality
10:24:30.174 logback [main] WARN  s.d.s.r.o.OperationImplicitParameterReader - Coercing to be of type string. This may not even be a scalar type in actuality
10:24:30.174 logback [main] WARN  s.d.s.r.o.OperationImplicitParameterReader - Coercing to be of type string. This may not even be a scalar type in actuality
10:24:30.175 logback [main] WARN  s.d.s.r.o.OperationImplicitParameterReader - Coercing to be of type string. This may not even be a scalar type in actuality
10:24:30.176 logback [main] WARN  s.d.s.r.o.OperationImplicitParameterReader - Coercing to be of type string. This may not even be a scalar type in actuality
10:24:30.187 logback [main] WARN  s.d.s.r.o.OperationImplicitParameterReader - Coercing to be of type string. This may not even be a scalar type in actuality
10:24:30.187 logback [main] WARN  s.d.s.r.o.OperationImplicitParameterReader - Coercing to be of type string. This may not even be a scalar type in actuality
10:24:30.193 logback [main] WARN  s.d.s.r.o.OperationImplicitParameterReader - Coercing to be of type string. This may not even be a scalar type in actuality
10:24:30.194 logback [main] WARN  s.d.s.r.o.OperationImplicitParameterReader - Coercing to be of type string. This may not even be a scalar type in actuality
10:24:30.203 logback [main] WARN  s.d.s.r.o.OperationImplicitParameterReader - Coercing to be of type string. This may not even be a scalar type in actuality
10:24:30.206 logback [main] WARN  s.d.s.r.o.OperationImplicitParameterReader - Coercing to be of type string. This may not even be a scalar type in actuality
10:24:30.216 logback [main] WARN  s.d.s.r.o.OperationImplicitParameterReader - Coercing to be of type string. This may not even be a scalar type in actuality
10:24:30.219 logback [main] WARN  s.d.s.r.o.OperationImplicitParameterReader - Coercing to be of type string. This may not even be a scalar type in actuality
10:24:30.220 logback [main] WARN  s.d.s.r.o.OperationImplicitParameterReader - Coercing to be of type string. This may not even be a scalar type in actuality
10:24:30.221 logback [main] WARN  s.d.s.r.o.OperationImplicitParameterReader - Coercing to be of type string. This may not even be a scalar type in actuality
10:24:30.222 logback [main] WARN  s.d.s.r.o.OperationImplicitParameterReader - Coercing to be of type string. This may not even be a scalar type in actuality
10:24:30.223 logback [main] WARN  s.d.s.r.o.OperationImplicitParameterReader - Coercing to be of type string. This may not even be a scalar type in actuality
10:24:30.274 logback [main] WARN  s.d.s.r.o.OperationImplicitParameterReader - Coercing to be of type string. This may not even be a scalar type in actuality
10:24:30.285 logback [main] WARN  s.d.s.r.o.OperationImplicitParameterReader - Coercing to be of type string. This may not even be a scalar type in actuality
10:24:30.290 logback [main] WARN  s.d.s.r.o.OperationImplicitParameterReader - Coercing to be of type string. This may not even be a scalar type in actuality
10:24:30.293 logback [main] WARN  s.d.s.r.o.OperationImplicitParameterReader - Coercing to be of type string. This may not even be a scalar type in actuality
10:24:30.294 logback [main] WARN  s.d.s.r.o.OperationImplicitParameterReader - Coercing to be of type string. This may not even be a scalar type in actuality
10:24:30.305 logback [main] WARN  s.d.s.r.o.OperationImplicitParameterReader - Coercing to be of type string. This may not even be a scalar type in actuality
10:24:30.310 logback [main] WARN  s.d.s.r.o.OperationImplicitParameterReader - Coercing to be of type string. This may not even be a scalar type in actuality
10:24:30.311 logback [main] WARN  s.d.s.r.o.OperationImplicitParameterReader - Coercing to be of type string. This may not even be a scalar type in actuality
10:24:30.313 logback [main] WARN  s.d.s.r.o.OperationImplicitParameterReader - Coercing to be of type string. This may not even be a scalar type in actuality
10:24:30.314 logback [main] WARN  s.d.s.r.o.OperationImplicitParameterReader - Coercing to be of type string. This may not even be a scalar type in actuality
10:24:30.317 logback [main] WARN  s.d.s.r.o.OperationImplicitParameterReader - Coercing to be of type string. This may not even be a scalar type in actuality
10:24:30.323 logback [main] WARN  s.d.s.r.o.OperationImplicitParameterReader - Coercing to be of type string. This may not even be a scalar type in actuality
10:24:30.324 logback [main] WARN  s.d.s.r.o.OperationImplicitParameterReader - Coercing to be of type string. This may not even be a scalar type in actuality
10:24:30.329 logback [main] WARN  s.d.s.r.o.OperationImplicitParameterReader - Coercing to be of type string. This may not even be a scalar type in actuality
10:24:30.516 logback [main] INFO  c.e.server.ServerApplicationTests - Started ServerApplicationTests in 33.742 seconds (JVM running for 45.079)
10:24:32.221 logback [Thread-2] INFO  o.s.w.c.s.GenericWebApplicationContext - Closing org.springframework.web.context.support.GenericWebApplicationContext@5a7fe64f: startup date [Tue Aug 28 10:24:02 CST 2018]; root of context hierarchy
