17:47:17.543 logback [main] INFO  com.example.server.ServerApplication - Starting ServerApplication on VDICIM50109479C with PID 9100 (H:\sourcecode\opReserve\server\target\classes started by 50109479c in H:\sourcecode\opReserve\server)
17:47:17.565 logback [main] INFO  com.example.server.ServerApplication - No active profile set, falling back to default profiles: default
17:47:17.739 logback [main] INFO  o.s.b.w.s.c.AnnotationConfigServletWebServerApplicationContext - Refreshing org.springframework.boot.web.servlet.context.AnnotationConfigServletWebServerApplicationContext@1725dc0f: startup date [Mon Aug 27 17:47:17 CST 2018]; root of context hierarchy
17:47:20.579 logback [main] WARN  t.m.s.mapper.ClassPathMapperScanner - No MyBatis mapper was found in '[com.example.server]' package. Please check your configuration.
17:47:20.610 logback [main] WARN  o.m.s.mapper.ClassPathMapperScanner - No MyBatis mapper was found in '[com.example.server]' package. Please check your configuration.
17:47:20.872 logback [main] WARN  o.s.c.a.ConfigurationClassPostProcessor - Cannot enhance @Configuration bean definition 'mybatisConfigurer' since its singleton instance has been created too early. The typical cause is a non-static @Bean method with a BeanDefinitionRegistryPostProcessor return type: Consider declaring such methods as 'static'.
17:47:21.536 logback [main] INFO  o.s.c.s.PostProcessorRegistrationDelegate$BeanPostProcessorChecker - Bean 'org.springframework.transaction.annotation.ProxyTransactionManagementConfiguration' of type [org.springframework.transaction.annotation.ProxyTransactionManagementConfiguration$$EnhancerBySpringCGLIB$$3c03540d] is not eligible for getting processed by all BeanPostProcessors (for example: not eligible for auto-proxying)
17:47:22.547 logback [main] INFO  o.s.b.w.e.tomcat.TomcatWebServer - Tomcat initialized with port(s): 8080 (http)
17:47:22.593 logback [main] INFO  o.a.coyote.http11.Http11NioProtocol - Initializing ProtocolHandler ["http-nio-8080"]
17:47:22.632 logback [main] INFO  o.a.catalina.core.StandardService - Starting service [Tomcat]
17:47:22.633 logback [main] INFO  o.a.catalina.core.StandardEngine - Starting Servlet Engine: Apache Tomcat/8.5.31
17:47:22.642 logback [localhost-startStop-1] INFO  o.a.c.core.AprLifecycleListener - The APR based Apache Tomcat Native library which allows optimal performance in production environments was not found on the java.library.path: [C:\Program Files\Java\jre8\bin;C:\Windows\Sun\Java\bin;C:\Windows\system32;C:\Windows;C:\app\50109479c\product\11.2.0\client_1\bin;C:\Windows\system32;C:\Windows;C:\Windows\System32\Wbem;C:\Windows\System32\WindowsPowerShell\v1.0\;C:\Program Files\TortoiseSVN\bin;C:\Program Files\Citrix\System32\;C:\Program Files\Citrix\ICAService\;C:\Program Files\Citrix\Virtual Desktop Agent\;H:\Program Files\Microsoft VS Code\bin;H:\Program Files (x86)\TortoiseSVN\bin;C:\Program Files\nodejs\;C:\Program Files\EsafeNet\Cobra DocGuard Client;\\b5nasoa10\NAS2oadata02\AppData\BASE\50109479c\AppData\Roaming\npm;.]
17:47:26.998 logback [localhost-startStop-1] INFO  o.a.c.c.C.[Tomcat].[localhost].[/] - Initializing Spring embedded WebApplicationContext
17:47:26.998 logback [localhost-startStop-1] INFO  o.s.web.context.ContextLoader - Root WebApplicationContext: initialization completed in 9259 ms
17:47:27.325 logback [localhost-startStop-1] INFO  o.s.b.w.s.ServletRegistrationBean - Servlet statViewServlet mapped to [/druid/*]
17:47:27.329 logback [localhost-startStop-1] INFO  o.s.b.w.s.ServletRegistrationBean - Servlet dispatcherServlet mapped to [/]
17:47:27.352 logback [localhost-startStop-1] INFO  o.s.b.w.s.FilterRegistrationBean - Mapping filter: 'characterEncodingFilter' to: [/*]
17:47:27.353 logback [localhost-startStop-1] INFO  o.s.b.w.s.FilterRegistrationBean - Mapping filter: 'webStatFilter' to urls: [/*]
17:47:29.773 logback [main] INFO  o.s.w.s.m.m.a.RequestMappingHandlerMapping - Mapped "{[/rockBookdetail/reserve],methods=[GET]}" onto public synchronized com.example.server.core.ret.RetResult com.example.server.controller.RockBookdetailController.reserve(java.lang.String,java.lang.String,java.lang.String,java.lang.String,java.lang.String)
17:47:29.776 logback [main] INFO  o.s.w.s.m.m.a.RequestMappingHandlerMapping - Mapped "{[/rockBookdetail/getBookdetail],methods=[GET]}" onto public com.example.server.core.ret.RetResult<com.example.server.model.RockBookdetail> com.example.server.controller.RockBookdetailController.getBookdetail(java.lang.String,java.lang.String)
17:47:29.777 logback [main] INFO  o.s.w.s.m.m.a.RequestMappingHandlerMapping - Mapped "{[/rockBookdetail/getBookdetailDay],methods=[GET]}" onto public com.example.server.core.ret.RetResult<java.util.List<com.example.server.model.RockBookdetail>> com.example.server.controller.RockBookdetailController.getBookdetailDay(java.lang.String,java.lang.String,java.lang.String)
17:47:29.778 logback [main] INFO  o.s.w.s.m.m.a.RequestMappingHandlerMapping - Mapped "{[/rockBookdetail/getReserveFuture],methods=[GET]}" onto public com.example.server.core.ret.RetResult<java.util.List<com.example.server.model.RockBookdetail>> com.example.server.controller.RockBookdetailController.getReserveFuture(java.lang.String)
17:47:29.779 logback [main] INFO  o.s.w.s.m.m.a.RequestMappingHandlerMapping - Mapped "{[/rockBookdetail/getBookdetailMonth],methods=[GET]}" onto public com.example.server.core.ret.RetResult<java.util.HashMap> com.example.server.controller.RockBookdetailController.getBookdetailMonth(java.lang.String,java.lang.String)
17:47:29.780 logback [main] INFO  o.s.w.s.m.m.a.RequestMappingHandlerMapping - Mapped "{[/rockBookdetail/getBookdetailMonthDetail],methods=[GET]}" onto public com.example.server.core.ret.RetResult<java.util.List<com.example.server.model.RockBookdetail>> com.example.server.controller.RockBookdetailController.getBookdetailMonthDetail(java.lang.String,java.lang.String)
17:47:29.780 logback [main] INFO  o.s.w.s.m.m.a.RequestMappingHandlerMapping - Mapped "{[/rockBookdetail/getBookdetailDayWithShiftflag],methods=[GET]}" onto public com.example.server.core.ret.RetResult<java.util.List<com.example.server.model.RockBookdetail>> com.example.server.controller.RockBookdetailController.getBookdetailDayWithShiftflag(java.lang.String,java.lang.String,java.lang.String,java.lang.String)
17:47:29.781 logback [main] INFO  o.s.w.s.m.m.a.RequestMappingHandlerMapping - Mapped "{[/rockBookdetail/getBookdetailWeek],methods=[GET]}" onto public com.example.server.core.ret.RetResult<java.util.HashMap> com.example.server.controller.RockBookdetailController.getBookdetailWeek(java.lang.String,java.lang.String)
17:47:29.782 logback [main] INFO  o.s.w.s.m.m.a.RequestMappingHandlerMapping - Mapped "{[/rockBookdetail/getBookdetailBetween],methods=[GET]}" onto public com.example.server.core.ret.RetResult<java.util.List<com.example.server.model.RockBookdetail>> com.example.server.controller.RockBookdetailController.getBookdetailBetween(java.lang.String,java.lang.String,java.lang.String)
17:47:29.783 logback [main] INFO  o.s.w.s.m.m.a.RequestMappingHandlerMapping - Mapped "{[/rockBookdetail/cancelReserveById],methods=[GET]}" onto public com.example.server.core.ret.RetResult com.example.server.controller.RockBookdetailController.cancelReserveById(java.lang.String,java.lang.String)
17:47:29.783 logback [main] INFO  o.s.w.s.m.m.a.RequestMappingHandlerMapping - Mapped "{[/rockBookdetail/cancelReserveByIdReplace],methods=[GET]}" onto public com.example.server.core.ret.RetResult com.example.server.controller.RockBookdetailController.cancelReserveByIdReplace(java.lang.String,java.lang.String,java.lang.String)
17:47:29.785 logback [main] INFO  o.s.w.s.m.m.a.RequestMappingHandlerMapping - Mapped "{[/rockDailyworkstation/getDailyWorkstation],methods=[GET]}" onto public com.example.server.core.ret.RetResult<java.util.List<com.example.server.model.RockDailyworkstation>> com.example.server.controller.RockDailyworkstationController.getDailyWorkstation(java.lang.String,java.lang.String)
17:47:29.786 logback [main] INFO  o.s.w.s.m.m.a.RequestMappingHandlerMapping - Mapped "{[/rockOpcapacityinfo/getCapacityInfo],methods=[GET]}" onto public com.example.server.core.ret.RetResult<java.util.HashMap> com.example.server.controller.RockOpcapacityinfoController.getCapacityInfo(java.lang.String,java.lang.String,java.lang.String)
17:47:29.787 logback [main] INFO  o.s.w.s.m.m.a.RequestMappingHandlerMapping - Mapped "{[/rockOpcapacityinfo/getLastCapacityInfoByEmpid],methods=[GET]}" onto public com.example.server.core.ret.RetResult<com.example.server.model.RockOpcapacityinfo> com.example.server.controller.RockOpcapacityinfoController.getLastCapacityInfoByEmpid(java.lang.String)
17:47:29.790 logback [main] INFO  o.s.w.s.m.m.a.RequestMappingHandlerMapping - Mapped "{[/rockOpemp/changePasswordByEmpid],methods=[GET]}" onto public com.example.server.core.ret.RetResult com.example.server.controller.RockOpempController.changePasswordByEmpid(java.lang.String,java.lang.String,java.lang.String)
17:47:29.791 logback [main] INFO  o.s.w.s.m.m.a.RequestMappingHandlerMapping - Mapped "{[/rockOpemp/login],methods=[GET]}" onto public com.example.server.core.ret.RetResult<com.example.server.model.RockOpemp> com.example.server.controller.RockOpempController.login(java.lang.String,java.lang.String)
17:47:29.793 logback [main] INFO  o.s.w.s.m.m.a.RequestMappingHandlerMapping - Mapped "{[/rockOpemp/changePassword],methods=[GET]}" onto public com.example.server.core.ret.RetResult com.example.server.controller.RockOpempController.changePassword(java.lang.String,java.lang.String)
17:47:29.794 logback [main] INFO  o.s.w.s.m.m.a.RequestMappingHandlerMapping - Mapped "{[/rockOpmanager/getOpmanagerData],methods=[GET]}" onto public com.example.server.core.ret.RetResult<com.example.server.model.RockOpmanage> com.example.server.controller.RockOpmanagerController.getOpmanagerData(java.lang.String)
17:47:29.796 logback [main] INFO  o.s.w.s.m.m.a.RequestMappingHandlerMapping - Mapped "{[/v2/api-docs],methods=[GET],produces=[application/json || application/hal+json]}" onto public org.springframework.http.ResponseEntity<springfox.documentation.spring.web.json.Json> springfox.documentation.swagger2.web.Swagger2Controller.getDocumentation(java.lang.String,javax.servlet.http.HttpServletRequest)
17:47:29.801 logback [main] INFO  o.s.w.s.m.m.a.RequestMappingHandlerMapping - Mapped "{[/configuration/security]}" onto org.springframework.http.ResponseEntity<springfox.documentation.swagger.web.SecurityConfiguration> springfox.documentation.swagger.web.ApiResourceController.securityConfiguration()
17:47:29.803 logback [main] INFO  o.s.w.s.m.m.a.RequestMappingHandlerMapping - Mapped "{[/configuration/ui]}" onto org.springframework.http.ResponseEntity<springfox.documentation.swagger.web.UiConfiguration> springfox.documentation.swagger.web.ApiResourceController.uiConfiguration()
17:47:29.806 logback [main] INFO  o.s.w.s.m.m.a.RequestMappingHandlerMapping - Mapped "{[/swagger-resources]}" onto org.springframework.http.ResponseEntity<java.util.List<springfox.documentation.swagger.web.SwaggerResource>> springfox.documentation.swagger.web.ApiResourceController.swaggerResources()
17:47:29.809 logback [main] INFO  o.s.w.s.m.m.a.RequestMappingHandlerMapping - Mapped "{[/error]}" onto public org.springframework.http.ResponseEntity<java.util.Map<java.lang.String, java.lang.Object>> org.springframework.boot.autoconfigure.web.servlet.error.BasicErrorController.error(javax.servlet.http.HttpServletRequest)
17:47:29.810 logback [main] INFO  o.s.w.s.m.m.a.RequestMappingHandlerMapping - Mapped "{[/error],produces=[text/html]}" onto public org.springframework.web.servlet.ModelAndView org.springframework.boot.autoconfigure.web.servlet.error.BasicErrorController.errorHtml(javax.servlet.http.HttpServletRequest,javax.servlet.http.HttpServletResponse)
17:47:30.137 logback [main] INFO  o.s.w.s.h.SimpleUrlHandlerMapping - Mapped URL path [/swagger-ui.html] onto handler of type [class org.springframework.web.servlet.resource.ResourceHttpRequestHandler]
17:47:30.138 logback [main] INFO  o.s.w.s.h.SimpleUrlHandlerMapping - Mapped URL path [/doc.html] onto handler of type [class org.springframework.web.servlet.resource.ResourceHttpRequestHandler]
17:47:30.138 logback [main] INFO  o.s.w.s.h.SimpleUrlHandlerMapping - Mapped URL path [/static/**] onto handler of type [class org.springframework.web.servlet.resource.ResourceHttpRequestHandler]
17:47:30.139 logback [main] INFO  o.s.w.s.h.SimpleUrlHandlerMapping - Mapped URL path [/app-release.apk] onto handler of type [class org.springframework.web.servlet.resource.ResourceHttpRequestHandler]
17:47:30.139 logback [main] INFO  o.s.w.s.h.SimpleUrlHandlerMapping - Mapped URL path [/webjars/**] onto handler of type [class org.springframework.web.servlet.resource.ResourceHttpRequestHandler]
17:47:30.507 logback [main] INFO  o.s.w.s.m.m.a.RequestMappingHandlerAdapter - Looking for @ControllerAdvice: org.springframework.boot.web.servlet.context.AnnotationConfigServletWebServerApplicationContext@1725dc0f: startup date [Mon Aug 27 17:47:17 CST 2018]; root of context hierarchy
17:47:31.950 logback [main] INFO  o.s.j.e.a.AnnotationMBeanExporter - Registering beans for JMX exposure on startup
17:47:31.952 logback [main] INFO  o.s.j.e.a.AnnotationMBeanExporter - Bean with name 'getDataSource' has been autodetected for JMX exposure
17:47:31.965 logback [main] INFO  o.s.j.e.a.AnnotationMBeanExporter - Located MBean 'getDataSource': registering with JMX server as MBean [com.alibaba.druid.pool:name=getDataSource,type=DruidDataSource]
17:47:31.980 logback [main] INFO  s.d.s.w.p.DocumentationPluginsBootstrapper - Context refreshed
17:47:32.082 logback [main] INFO  s.d.s.w.p.DocumentationPluginsBootstrapper - Found 1 custom documentation plugin(s)
17:47:32.145 logback [main] INFO  s.d.s.w.s.ApiListingReferenceScanner - Scanning for api listing references
17:47:32.508 logback [main] WARN  s.d.s.r.o.OperationImplicitParameterReader - Coercing to be of type string. This may not even be a scalar type in actuality
17:47:32.513 logback [main] WARN  s.d.s.r.o.OperationImplicitParameterReader - Coercing to be of type string. This may not even be a scalar type in actuality
17:47:32.632 logback [main] WARN  s.d.s.r.o.OperationImplicitParameterReader - Coercing to be of type string. This may not even be a scalar type in actuality
17:47:32.633 logback [main] WARN  s.d.s.r.o.OperationImplicitParameterReader - Coercing to be of type string. This may not even be a scalar type in actuality
17:47:32.633 logback [main] WARN  s.d.s.r.o.OperationImplicitParameterReader - Coercing to be of type string. This may not even be a scalar type in actuality
17:47:32.654 logback [main] WARN  s.d.s.r.o.OperationImplicitParameterReader - Coercing to be of type string. This may not even be a scalar type in actuality
17:47:32.654 logback [main] WARN  s.d.s.r.o.OperationImplicitParameterReader - Coercing to be of type string. This may not even be a scalar type in actuality
17:47:32.672 logback [main] WARN  s.d.s.r.o.OperationImplicitParameterReader - Coercing to be of type string. This may not even be a scalar type in actuality
17:47:32.673 logback [main] WARN  s.d.s.r.o.OperationImplicitParameterReader - Coercing to be of type string. This may not even be a scalar type in actuality
17:47:32.674 logback [main] WARN  s.d.s.r.o.OperationImplicitParameterReader - Coercing to be of type string. This may not even be a scalar type in actuality
17:47:32.677 logback [main] WARN  s.d.s.r.o.OperationImplicitParameterReader - Coercing to be of type string. This may not even be a scalar type in actuality
17:47:32.677 logback [main] WARN  s.d.s.r.o.OperationImplicitParameterReader - Coercing to be of type string. This may not even be a scalar type in actuality
17:47:32.678 logback [main] WARN  s.d.s.r.o.OperationImplicitParameterReader - Coercing to be of type string. This may not even be a scalar type in actuality
17:47:32.681 logback [main] WARN  s.d.s.r.o.OperationImplicitParameterReader - Coercing to be of type string. This may not even be a scalar type in actuality
17:47:32.681 logback [main] WARN  s.d.s.r.o.OperationImplicitParameterReader - Coercing to be of type string. This may not even be a scalar type in actuality
17:47:32.682 logback [main] WARN  s.d.s.r.o.OperationImplicitParameterReader - Coercing to be of type string. This may not even be a scalar type in actuality
17:47:32.682 logback [main] WARN  s.d.s.r.o.OperationImplicitParameterReader - Coercing to be of type string. This may not even be a scalar type in actuality
17:47:32.691 logback [main] WARN  s.d.s.r.o.OperationImplicitParameterReader - Coercing to be of type string. This may not even be a scalar type in actuality
17:47:32.691 logback [main] WARN  s.d.s.r.o.OperationImplicitParameterReader - Coercing to be of type string. This may not even be a scalar type in actuality
17:47:32.694 logback [main] WARN  s.d.s.r.o.OperationImplicitParameterReader - Coercing to be of type string. This may not even be a scalar type in actuality
17:47:32.694 logback [main] WARN  s.d.s.r.o.OperationImplicitParameterReader - Coercing to be of type string. This may not even be a scalar type in actuality
17:47:32.696 logback [main] WARN  s.d.s.r.o.OperationImplicitParameterReader - Coercing to be of type string. This may not even be a scalar type in actuality
17:47:32.697 logback [main] WARN  s.d.s.r.o.OperationImplicitParameterReader - Coercing to be of type string. This may not even be a scalar type in actuality
17:47:32.699 logback [main] WARN  s.d.s.r.o.OperationImplicitParameterReader - Coercing to be of type string. This may not even be a scalar type in actuality
17:47:32.702 logback [main] WARN  s.d.s.r.o.OperationImplicitParameterReader - Coercing to be of type string. This may not even be a scalar type in actuality
17:47:32.702 logback [main] WARN  s.d.s.r.o.OperationImplicitParameterReader - Coercing to be of type string. This may not even be a scalar type in actuality
17:47:32.703 logback [main] WARN  s.d.s.r.o.OperationImplicitParameterReader - Coercing to be of type string. This may not even be a scalar type in actuality
17:47:32.703 logback [main] WARN  s.d.s.r.o.OperationImplicitParameterReader - Coercing to be of type string. This may not even be a scalar type in actuality
17:47:32.704 logback [main] WARN  s.d.s.r.o.OperationImplicitParameterReader - Coercing to be of type string. This may not even be a scalar type in actuality
17:47:32.730 logback [main] WARN  s.d.s.r.o.OperationImplicitParameterReader - Coercing to be of type string. This may not even be a scalar type in actuality
17:47:32.731 logback [main] WARN  s.d.s.r.o.OperationImplicitParameterReader - Coercing to be of type string. This may not even be a scalar type in actuality
17:47:32.733 logback [main] WARN  s.d.s.r.o.OperationImplicitParameterReader - Coercing to be of type string. This may not even be a scalar type in actuality
17:47:32.734 logback [main] WARN  s.d.s.r.o.OperationImplicitParameterReader - Coercing to be of type string. This may not even be a scalar type in actuality
17:47:32.734 logback [main] WARN  s.d.s.r.o.OperationImplicitParameterReader - Coercing to be of type string. This may not even be a scalar type in actuality
17:47:32.739 logback [main] WARN  s.d.s.r.o.OperationImplicitParameterReader - Coercing to be of type string. This may not even be a scalar type in actuality
17:47:32.742 logback [main] WARN  s.d.s.r.o.OperationImplicitParameterReader - Coercing to be of type string. This may not even be a scalar type in actuality
17:47:32.742 logback [main] WARN  s.d.s.r.o.OperationImplicitParameterReader - Coercing to be of type string. This may not even be a scalar type in actuality
17:47:32.744 logback [main] WARN  s.d.s.r.o.OperationImplicitParameterReader - Coercing to be of type string. This may not even be a scalar type in actuality
17:47:32.744 logback [main] WARN  s.d.s.r.o.OperationImplicitParameterReader - Coercing to be of type string. This may not even be a scalar type in actuality
17:47:32.745 logback [main] WARN  s.d.s.r.o.OperationImplicitParameterReader - Coercing to be of type string. This may not even be a scalar type in actuality
17:47:32.749 logback [main] WARN  s.d.s.r.o.OperationImplicitParameterReader - Coercing to be of type string. This may not even be a scalar type in actuality
17:47:32.750 logback [main] WARN  s.d.s.r.o.OperationImplicitParameterReader - Coercing to be of type string. This may not even be a scalar type in actuality
17:47:32.755 logback [main] WARN  s.d.s.r.o.OperationImplicitParameterReader - Coercing to be of type string. This may not even be a scalar type in actuality
17:47:32.813 logback [main] INFO  o.a.coyote.http11.Http11NioProtocol - Starting ProtocolHandler ["http-nio-8080"]
17:47:32.834 logback [main] INFO  o.a.tomcat.util.net.NioSelectorPool - Using a shared selector for servlet write/read
17:47:32.924 logback [main] INFO  o.s.b.w.e.tomcat.TomcatWebServer - Tomcat started on port(s): 8080 (http) with context path ''
17:47:32.940 logback [main] INFO  com.example.server.ServerApplication - Started ServerApplication in 16.988 seconds (JVM running for 21.447)
