11:24:09.200 logback [main] INFO  com.example.server.ServerApplication - Starting ServerApplication on VDICIM50109479C with PID 45940 (H:\sourcecode\opReserve\server\target\classes started by 50109479c in H:\sourcecode\opReserve\server)
11:24:09.249 logback [main] INFO  com.example.server.ServerApplication - No active profile set, falling back to default profiles: default
11:24:09.499 logback [main] INFO  o.s.b.w.s.c.AnnotationConfigServletWebServerApplicationContext - Refreshing org.springframework.boot.web.servlet.context.AnnotationConfigServletWebServerApplicationContext@4b1d6571: startup date [Mon Oct 08 11:24:09 CST 2018]; root of context hierarchy
11:24:13.587 logback [main] WARN  t.m.s.mapper.ClassPathMapperScanner - No MyBatis mapper was found in '[com.example.server]' package. Please check your configuration.
11:24:13.623 logback [main] WARN  o.m.s.mapper.ClassPathMapperScanner - No MyBatis mapper was found in '[com.example.server]' package. Please check your configuration.
11:24:13.934 logback [main] WARN  o.s.c.a.ConfigurationClassPostProcessor - Cannot enhance @Configuration bean definition 'mybatisConfigurer' since its singleton instance has been created too early. The typical cause is a non-static @Bean method with a BeanDefinitionRegistryPostProcessor return type: Consider declaring such methods as 'static'.
11:24:15.172 logback [main] INFO  o.s.c.s.PostProcessorRegistrationDelegate$BeanPostProcessorChecker - Bean 'org.springframework.transaction.annotation.ProxyTransactionManagementConfiguration' of type [org.springframework.transaction.annotation.ProxyTransactionManagementConfiguration$$EnhancerBySpringCGLIB$$941d64f2] is not eligible for getting processed by all BeanPostProcessors (for example: not eligible for auto-proxying)
11:24:16.639 logback [main] INFO  o.s.b.w.e.tomcat.TomcatWebServer - Tomcat initialized with port(s): 8080 (http)
11:24:16.728 logback [main] INFO  o.a.coyote.http11.Http11NioProtocol - Initializing ProtocolHandler ["http-nio-8080"]
11:24:16.810 logback [main] INFO  o.a.catalina.core.StandardService - Starting service [Tomcat]
11:24:16.811 logback [main] INFO  o.a.catalina.core.StandardEngine - Starting Servlet Engine: Apache Tomcat/8.5.31
11:24:16.843 logback [localhost-startStop-1] INFO  o.a.c.core.AprLifecycleListener - The APR based Apache Tomcat Native library which allows optimal performance in production environments was not found on the java.library.path: [C:\Program Files\Java\jdk1.8.0_05\bin;C:\Windows\Sun\Java\bin;C:\Windows\system32;C:\Windows;C:\Program Files\Java\jdk1.8.0_05\jre\bin;C:\tibco\tibrv\8.3\bin;C:\app\50109479c\product\11.2.0\client_1\bin;C:\Windows\system32;C:\Windows;C:\Windows\System32\Wbem;C:\Windows\System32\WindowsPowerShell\v1.0\;C:\Program Files\TortoiseSVN\bin;C:\Program Files\Citrix\System32\;C:\Program Files\Citrix\ICAService\;C:\Program Files\Citrix\Virtual Desktop Agent\;H:\Program Files\Microsoft VS Code\bin;H:\Program Files (x86)\TortoiseSVN\bin;C:\Program Files\nodejs\;C:\Program Files\EsafeNet\Cobra DocGuard Client;\\b5nasoa10\NAS2oadata02\AppData\BASE\50109479c\AppData\Roaming\npm;.]
11:24:17.336 logback [localhost-startStop-1] INFO  o.a.c.c.C.[Tomcat].[localhost].[/] - Initializing Spring embedded WebApplicationContext
11:24:17.337 logback [localhost-startStop-1] INFO  o.s.web.context.ContextLoader - Root WebApplicationContext: initialization completed in 7838 ms
11:24:17.927 logback [localhost-startStop-1] INFO  o.s.b.w.s.ServletRegistrationBean - Servlet statViewServlet mapped to [/druid/*]
11:24:17.930 logback [localhost-startStop-1] INFO  o.s.b.w.s.ServletRegistrationBean - Servlet dispatcherServlet mapped to [/]
11:24:17.957 logback [localhost-startStop-1] INFO  o.s.b.w.s.FilterRegistrationBean - Mapping filter: 'characterEncodingFilter' to: [/*]
11:24:17.963 logback [localhost-startStop-1] INFO  o.s.b.w.s.FilterRegistrationBean - Mapping filter: 'webStatFilter' to urls: [/*]
11:24:27.851 logback [main] INFO  o.s.w.s.m.m.a.RequestMappingHandlerMapping - Mapped "{[/rockBookdetail/reserve],methods=[GET]}" onto public synchronized com.example.server.core.ret.RetResult com.example.server.controller.RockBookdetailController.reserve(java.lang.String,java.lang.String,java.lang.String,java.lang.String,java.lang.String)
11:24:27.862 logback [main] INFO  o.s.w.s.m.m.a.RequestMappingHandlerMapping - Mapped "{[/rockBookdetail/getBookdetail],methods=[GET]}" onto public com.example.server.core.ret.RetResult<com.example.server.model.RockBookdetail> com.example.server.controller.RockBookdetailController.getBookdetail(java.lang.String,java.lang.String)
11:24:27.863 logback [main] INFO  o.s.w.s.m.m.a.RequestMappingHandlerMapping - Mapped "{[/rockBookdetail/getBookdetailDay],methods=[GET]}" onto public com.example.server.core.ret.RetResult<java.util.List<com.example.server.model.RockBookdetail>> com.example.server.controller.RockBookdetailController.getBookdetailDay(java.lang.String,java.lang.String,java.lang.String)
11:24:27.864 logback [main] INFO  o.s.w.s.m.m.a.RequestMappingHandlerMapping - Mapped "{[/rockBookdetail/getReserveFuture],methods=[GET]}" onto public com.example.server.core.ret.RetResult<java.util.List<com.example.server.model.RockBookdetail>> com.example.server.controller.RockBookdetailController.getReserveFuture(java.lang.String)
11:24:27.865 logback [main] INFO  o.s.w.s.m.m.a.RequestMappingHandlerMapping - Mapped "{[/rockBookdetail/getBookdetailMonth],methods=[GET]}" onto public com.example.server.core.ret.RetResult<java.util.HashMap> com.example.server.controller.RockBookdetailController.getBookdetailMonth(java.lang.String,java.lang.String)
11:24:27.866 logback [main] INFO  o.s.w.s.m.m.a.RequestMappingHandlerMapping - Mapped "{[/rockBookdetail/getBookdetailMonthDetail],methods=[GET]}" onto public com.example.server.core.ret.RetResult<java.util.List<com.example.server.model.RockBookdetail>> com.example.server.controller.RockBookdetailController.getBookdetailMonthDetail(java.lang.String,java.lang.String)
11:24:27.867 logback [main] INFO  o.s.w.s.m.m.a.RequestMappingHandlerMapping - Mapped "{[/rockBookdetail/getBookdetailDayWithShiftflag],methods=[GET]}" onto public com.example.server.core.ret.RetResult<java.util.List<com.example.server.model.RockBookdetail>> com.example.server.controller.RockBookdetailController.getBookdetailDayWithShiftflag(java.lang.String,java.lang.String,java.lang.String,java.lang.String)
11:24:27.868 logback [main] INFO  o.s.w.s.m.m.a.RequestMappingHandlerMapping - Mapped "{[/rockBookdetail/getBookdetailWeek],methods=[GET]}" onto public com.example.server.core.ret.RetResult<java.util.HashMap> com.example.server.controller.RockBookdetailController.getBookdetailWeek(java.lang.String,java.lang.String)
11:24:27.868 logback [main] INFO  o.s.w.s.m.m.a.RequestMappingHandlerMapping - Mapped "{[/rockBookdetail/getBookdetailBetween],methods=[GET]}" onto public com.example.server.core.ret.RetResult<java.util.List<com.example.server.model.RockBookdetail>> com.example.server.controller.RockBookdetailController.getBookdetailBetween(java.lang.String,java.lang.String,java.lang.String)
11:24:27.869 logback [main] INFO  o.s.w.s.m.m.a.RequestMappingHandlerMapping - Mapped "{[/rockBookdetail/cancelReserveById],methods=[GET]}" onto public com.example.server.core.ret.RetResult com.example.server.controller.RockBookdetailController.cancelReserveById(java.lang.String,java.lang.String)
11:24:27.870 logback [main] INFO  o.s.w.s.m.m.a.RequestMappingHandlerMapping - Mapped "{[/rockBookdetail/cancelReserveByIdReplace],methods=[GET]}" onto public com.example.server.core.ret.RetResult com.example.server.controller.RockBookdetailController.cancelReserveByIdReplace(java.lang.String,java.lang.String,java.lang.String)
11:24:27.872 logback [main] INFO  o.s.w.s.m.m.a.RequestMappingHandlerMapping - Mapped "{[/rockDailyworkstation/getDailyWorkstation],methods=[GET]}" onto public com.example.server.core.ret.RetResult<java.util.List<com.example.server.model.RockDailyworkstation>> com.example.server.controller.RockDailyworkstationController.getDailyWorkstation(java.lang.String,java.lang.String)
11:24:27.873 logback [main] INFO  o.s.w.s.m.m.a.RequestMappingHandlerMapping - Mapped "{[/rockOpcapacityinfo/getCapacityInfo],methods=[GET]}" onto public com.example.server.core.ret.RetResult<java.util.HashMap> com.example.server.controller.RockOpcapacityinfoController.getCapacityInfo(java.lang.String,java.lang.String,java.lang.String)
11:24:27.874 logback [main] INFO  o.s.w.s.m.m.a.RequestMappingHandlerMapping - Mapped "{[/rockOpcapacityinfo/getLastCapacityInfoByEmpid],methods=[GET]}" onto public com.example.server.core.ret.RetResult<com.example.server.model.RockOpcapacityinfo> com.example.server.controller.RockOpcapacityinfoController.getLastCapacityInfoByEmpid(java.lang.String)
11:24:27.878 logback [main] INFO  o.s.w.s.m.m.a.RequestMappingHandlerMapping - Mapped "{[/rockOpemp/login],methods=[GET]}" onto public com.example.server.core.ret.RetResult<com.example.server.model.RockOpemp> com.example.server.controller.RockOpempController.login(java.lang.String,java.lang.String)
11:24:27.879 logback [main] INFO  o.s.w.s.m.m.a.RequestMappingHandlerMapping - Mapped "{[/rockOpemp/changePassword],methods=[GET]}" onto public com.example.server.core.ret.RetResult com.example.server.controller.RockOpempController.changePassword(java.lang.String,java.lang.String)
11:24:27.881 logback [main] INFO  o.s.w.s.m.m.a.RequestMappingHandlerMapping - Mapped "{[/rockOpemp/changePasswordByEmpid],methods=[GET]}" onto public com.example.server.core.ret.RetResult com.example.server.controller.RockOpempController.changePasswordByEmpid(java.lang.String,java.lang.String,java.lang.String)
11:24:27.882 logback [main] INFO  o.s.w.s.m.m.a.RequestMappingHandlerMapping - Mapped "{[/rockOpmanager/getOpmanagerData],methods=[GET]}" onto public com.example.server.core.ret.RetResult<com.example.server.model.RockOpmanage> com.example.server.controller.RockOpmanagerController.getOpmanagerData(java.lang.String)
11:24:27.884 logback [main] INFO  o.s.w.s.m.m.a.RequestMappingHandlerMapping - Mapped "{[/v2/api-docs],methods=[GET],produces=[application/json || application/hal+json]}" onto public org.springframework.http.ResponseEntity<springfox.documentation.spring.web.json.Json> springfox.documentation.swagger2.web.Swagger2Controller.getDocumentation(java.lang.String,javax.servlet.http.HttpServletRequest)
11:24:27.890 logback [main] INFO  o.s.w.s.m.m.a.RequestMappingHandlerMapping - Mapped "{[/swagger-resources]}" onto org.springframework.http.ResponseEntity<java.util.List<springfox.documentation.swagger.web.SwaggerResource>> springfox.documentation.swagger.web.ApiResourceController.swaggerResources()
11:24:27.893 logback [main] INFO  o.s.w.s.m.m.a.RequestMappingHandlerMapping - Mapped "{[/configuration/ui]}" onto org.springframework.http.ResponseEntity<springfox.documentation.swagger.web.UiConfiguration> springfox.documentation.swagger.web.ApiResourceController.uiConfiguration()
11:24:27.896 logback [main] INFO  o.s.w.s.m.m.a.RequestMappingHandlerMapping - Mapped "{[/configuration/security]}" onto org.springframework.http.ResponseEntity<springfox.documentation.swagger.web.SecurityConfiguration> springfox.documentation.swagger.web.ApiResourceController.securityConfiguration()
11:24:27.900 logback [main] INFO  o.s.w.s.m.m.a.RequestMappingHandlerMapping - Mapped "{[/error]}" onto public org.springframework.http.ResponseEntity<java.util.Map<java.lang.String, java.lang.Object>> org.springframework.boot.autoconfigure.web.servlet.error.BasicErrorController.error(javax.servlet.http.HttpServletRequest)
11:24:27.901 logback [main] INFO  o.s.w.s.m.m.a.RequestMappingHandlerMapping - Mapped "{[/error],produces=[text/html]}" onto public org.springframework.web.servlet.ModelAndView org.springframework.boot.autoconfigure.web.servlet.error.BasicErrorController.errorHtml(javax.servlet.http.HttpServletRequest,javax.servlet.http.HttpServletResponse)
11:24:28.408 logback [main] INFO  o.s.w.s.h.SimpleUrlHandlerMapping - Mapped URL path [/swagger-ui.html] onto handler of type [class org.springframework.web.servlet.resource.ResourceHttpRequestHandler]
11:24:28.409 logback [main] INFO  o.s.w.s.h.SimpleUrlHandlerMapping - Mapped URL path [/doc.html] onto handler of type [class org.springframework.web.servlet.resource.ResourceHttpRequestHandler]
11:24:28.409 logback [main] INFO  o.s.w.s.h.SimpleUrlHandlerMapping - Mapped URL path [/static/**] onto handler of type [class org.springframework.web.servlet.resource.ResourceHttpRequestHandler]
11:24:28.410 logback [main] INFO  o.s.w.s.h.SimpleUrlHandlerMapping - Mapped URL path [/app-release.apk] onto handler of type [class org.springframework.web.servlet.resource.ResourceHttpRequestHandler]
11:24:28.410 logback [main] INFO  o.s.w.s.h.SimpleUrlHandlerMapping - Mapped URL path [/webjars/**] onto handler of type [class org.springframework.web.servlet.resource.ResourceHttpRequestHandler]
11:24:29.036 logback [main] INFO  o.s.w.s.m.m.a.RequestMappingHandlerAdapter - Looking for @ControllerAdvice: org.springframework.boot.web.servlet.context.AnnotationConfigServletWebServerApplicationContext@4b1d6571: startup date [Mon Oct 08 11:24:09 CST 2018]; root of context hierarchy
11:24:30.805 logback [main] INFO  o.s.j.e.a.AnnotationMBeanExporter - Registering beans for JMX exposure on startup
11:24:30.807 logback [main] INFO  o.s.j.e.a.AnnotationMBeanExporter - Bean with name 'getDataSource' has been autodetected for JMX exposure
11:24:30.820 logback [main] INFO  o.s.j.e.a.AnnotationMBeanExporter - Located MBean 'getDataSource': registering with JMX server as MBean [com.alibaba.druid.pool:name=getDataSource,type=DruidDataSource]
11:24:30.852 logback [main] INFO  s.d.s.w.p.DocumentationPluginsBootstrapper - Context refreshed
11:24:31.189 logback [main] INFO  s.d.s.w.p.DocumentationPluginsBootstrapper - Found 1 custom documentation plugin(s)
11:24:31.274 logback [main] INFO  s.d.s.w.s.ApiListingReferenceScanner - Scanning for api listing references
11:24:32.373 logback [main] WARN  s.d.s.r.o.OperationImplicitParameterReader - Coercing to be of type string. This may not even be a scalar type in actuality
11:24:32.377 logback [main] WARN  s.d.s.r.o.OperationImplicitParameterReader - Coercing to be of type string. This may not even be a scalar type in actuality
11:24:32.725 logback [main] WARN  s.d.s.r.o.OperationImplicitParameterReader - Coercing to be of type string. This may not even be a scalar type in actuality
11:24:32.725 logback [main] WARN  s.d.s.r.o.OperationImplicitParameterReader - Coercing to be of type string. This may not even be a scalar type in actuality
11:24:32.726 logback [main] WARN  s.d.s.r.o.OperationImplicitParameterReader - Coercing to be of type string. This may not even be a scalar type in actuality
11:24:32.766 logback [main] WARN  s.d.s.r.o.OperationImplicitParameterReader - Coercing to be of type string. This may not even be a scalar type in actuality
11:24:32.767 logback [main] WARN  s.d.s.r.o.OperationImplicitParameterReader - Coercing to be of type string. This may not even be a scalar type in actuality
11:24:32.794 logback [main] WARN  s.d.s.r.o.OperationImplicitParameterReader - Coercing to be of type string. This may not even be a scalar type in actuality
11:24:32.795 logback [main] WARN  s.d.s.r.o.OperationImplicitParameterReader - Coercing to be of type string. This may not even be a scalar type in actuality
11:24:32.795 logback [main] WARN  s.d.s.r.o.OperationImplicitParameterReader - Coercing to be of type string. This may not even be a scalar type in actuality
11:24:32.799 logback [main] WARN  s.d.s.r.o.OperationImplicitParameterReader - Coercing to be of type string. This may not even be a scalar type in actuality
11:24:32.799 logback [main] WARN  s.d.s.r.o.OperationImplicitParameterReader - Coercing to be of type string. This may not even be a scalar type in actuality
11:24:32.800 logback [main] WARN  s.d.s.r.o.OperationImplicitParameterReader - Coercing to be of type string. This may not even be a scalar type in actuality
11:24:32.803 logback [main] WARN  s.d.s.r.o.OperationImplicitParameterReader - Coercing to be of type string. This may not even be a scalar type in actuality
11:24:32.804 logback [main] WARN  s.d.s.r.o.OperationImplicitParameterReader - Coercing to be of type string. This may not even be a scalar type in actuality
11:24:32.804 logback [main] WARN  s.d.s.r.o.OperationImplicitParameterReader - Coercing to be of type string. This may not even be a scalar type in actuality
11:24:32.805 logback [main] WARN  s.d.s.r.o.OperationImplicitParameterReader - Coercing to be of type string. This may not even be a scalar type in actuality
11:24:32.830 logback [main] WARN  s.d.s.r.o.OperationImplicitParameterReader - Coercing to be of type string. This may not even be a scalar type in actuality
11:24:32.831 logback [main] WARN  s.d.s.r.o.OperationImplicitParameterReader - Coercing to be of type string. This may not even be a scalar type in actuality
11:24:32.834 logback [main] WARN  s.d.s.r.o.OperationImplicitParameterReader - Coercing to be of type string. This may not even be a scalar type in actuality
11:24:32.835 logback [main] WARN  s.d.s.r.o.OperationImplicitParameterReader - Coercing to be of type string. This may not even be a scalar type in actuality
11:24:32.838 logback [main] WARN  s.d.s.r.o.OperationImplicitParameterReader - Coercing to be of type string. This may not even be a scalar type in actuality
11:24:32.839 logback [main] WARN  s.d.s.r.o.OperationImplicitParameterReader - Coercing to be of type string. This may not even be a scalar type in actuality
11:24:32.842 logback [main] WARN  s.d.s.r.o.OperationImplicitParameterReader - Coercing to be of type string. This may not even be a scalar type in actuality
11:24:32.845 logback [main] WARN  s.d.s.r.o.OperationImplicitParameterReader - Coercing to be of type string. This may not even be a scalar type in actuality
11:24:32.846 logback [main] WARN  s.d.s.r.o.OperationImplicitParameterReader - Coercing to be of type string. This may not even be a scalar type in actuality
11:24:32.846 logback [main] WARN  s.d.s.r.o.OperationImplicitParameterReader - Coercing to be of type string. This may not even be a scalar type in actuality
11:24:32.847 logback [main] WARN  s.d.s.r.o.OperationImplicitParameterReader - Coercing to be of type string. This may not even be a scalar type in actuality
11:24:32.847 logback [main] WARN  s.d.s.r.o.OperationImplicitParameterReader - Coercing to be of type string. This may not even be a scalar type in actuality
11:24:32.895 logback [main] WARN  s.d.s.r.o.OperationImplicitParameterReader - Coercing to be of type string. This may not even be a scalar type in actuality
11:24:32.896 logback [main] WARN  s.d.s.r.o.OperationImplicitParameterReader - Coercing to be of type string. This may not even be a scalar type in actuality
11:24:32.899 logback [main] WARN  s.d.s.r.o.OperationImplicitParameterReader - Coercing to be of type string. This may not even be a scalar type in actuality
11:24:32.900 logback [main] WARN  s.d.s.r.o.OperationImplicitParameterReader - Coercing to be of type string. This may not even be a scalar type in actuality
11:24:32.900 logback [main] WARN  s.d.s.r.o.OperationImplicitParameterReader - Coercing to be of type string. This may not even be a scalar type in actuality
11:24:32.907 logback [main] WARN  s.d.s.r.o.OperationImplicitParameterReader - Coercing to be of type string. This may not even be a scalar type in actuality
11:24:32.910 logback [main] WARN  s.d.s.r.o.OperationImplicitParameterReader - Coercing to be of type string. This may not even be a scalar type in actuality
11:24:32.911 logback [main] WARN  s.d.s.r.o.OperationImplicitParameterReader - Coercing to be of type string. This may not even be a scalar type in actuality
11:24:32.913 logback [main] WARN  s.d.s.r.o.OperationImplicitParameterReader - Coercing to be of type string. This may not even be a scalar type in actuality
11:24:32.914 logback [main] WARN  s.d.s.r.o.OperationImplicitParameterReader - Coercing to be of type string. This may not even be a scalar type in actuality
11:24:32.915 logback [main] WARN  s.d.s.r.o.OperationImplicitParameterReader - Coercing to be of type string. This may not even be a scalar type in actuality
11:24:32.922 logback [main] WARN  s.d.s.r.o.OperationImplicitParameterReader - Coercing to be of type string. This may not even be a scalar type in actuality
11:24:32.922 logback [main] WARN  s.d.s.r.o.OperationImplicitParameterReader - Coercing to be of type string. This may not even be a scalar type in actuality
11:24:32.929 logback [main] WARN  s.d.s.r.o.OperationImplicitParameterReader - Coercing to be of type string. This may not even be a scalar type in actuality
11:24:33.053 logback [main] INFO  o.a.coyote.http11.Http11NioProtocol - Starting ProtocolHandler ["http-nio-8080"]
11:24:33.422 logback [main] INFO  o.a.tomcat.util.net.NioSelectorPool - Using a shared selector for servlet write/read
11:24:33.868 logback [main] INFO  o.s.b.w.e.tomcat.TomcatWebServer - Tomcat started on port(s): 8080 (http) with context path ''
11:24:33.882 logback [main] INFO  com.example.server.ServerApplication - Started ServerApplication in 28.089 seconds (JVM running for 38.975)
11:26:05.815 logback [http-nio-8080-exec-1] INFO  o.a.tomcat.util.http.parser.Cookie - A cookie header was received [1536594577,1536599850,1536739826] that contained an invalid cookie. That cookie will be ignored.Note: further occurrences of this error will be logged at DEBUG level.
11:26:05.868 logback [http-nio-8080-exec-1] INFO  o.a.c.c.C.[Tomcat].[localhost].[/] - Initializing Spring FrameworkServlet 'dispatcherServlet'
11:26:05.869 logback [http-nio-8080-exec-1] INFO  o.s.web.servlet.DispatcherServlet - FrameworkServlet 'dispatcherServlet': initialization started
11:26:05.951 logback [http-nio-8080-exec-1] INFO  o.s.web.servlet.DispatcherServlet - FrameworkServlet 'dispatcherServlet': initialization completed in 82 ms
11:26:07.547 logback [http-nio-8080-exec-5] WARN  o.s.web.servlet.PageNotFound - No mapping found for HTTP request with URI [/images/favicon-32x32.png] in DispatcherServlet with name 'dispatcherServlet'
11:26:07.645 logback [http-nio-8080-exec-3] WARN  o.s.web.servlet.PageNotFound - No mapping found for HTTP request with URI [/images/favicon-16x16.png] in DispatcherServlet with name 'dispatcherServlet'
11:26:11.378 logback [http-nio-8080-exec-1] WARN  o.s.web.servlet.PageNotFound - No mapping found for HTTP request with URI [/images/favicon-32x32.png] in DispatcherServlet with name 'dispatcherServlet'
11:26:11.382 logback [http-nio-8080-exec-9] WARN  o.s.web.servlet.PageNotFound - No mapping found for HTTP request with URI [/images/favicon-16x16.png] in DispatcherServlet with name 'dispatcherServlet'
11:26:14.258 logback [http-nio-8080-exec-2] WARN  o.s.web.servlet.PageNotFound - No mapping found for HTTP request with URI [/images/favicon-32x32.png] in DispatcherServlet with name 'dispatcherServlet'
11:26:14.263 logback [http-nio-8080-exec-5] WARN  o.s.web.servlet.PageNotFound - No mapping found for HTTP request with URI [/images/favicon-16x16.png] in DispatcherServlet with name 'dispatcherServlet'
11:26:24.795 logback [http-nio-8080-exec-9] INFO  c.alibaba.druid.pool.DruidDataSource - {dataSource-1} inited
11:26:48.108 logback [RMI TCP Connection(2)-127.0.0.1] INFO  o.s.b.a.SpringApplicationAdminMXBeanRegistrar$SpringApplicationAdmin - Application shutdown requested.
11:26:48.109 logback [RMI TCP Connection(2)-127.0.0.1] INFO  o.s.b.w.s.c.AnnotationConfigServletWebServerApplicationContext - Closing org.springframework.boot.web.servlet.context.AnnotationConfigServletWebServerApplicationContext@4b1d6571: startup date [Mon Oct 08 11:24:09 CST 2018]; root of context hierarchy
11:26:48.112 logback [RMI TCP Connection(2)-127.0.0.1] INFO  o.s.j.e.a.AnnotationMBeanExporter - Unregistering JMX-exposed beans on shutdown
11:26:48.113 logback [RMI TCP Connection(2)-127.0.0.1] INFO  o.s.j.e.a.AnnotationMBeanExporter - Unregistering JMX-exposed beans
11:26:48.124 logback [RMI TCP Connection(2)-127.0.0.1] INFO  c.alibaba.druid.pool.DruidDataSource - {dataSource-1} closed
11:33:29.491 logback [main] INFO  c.e.server.ServerApplicationTests - Starting ServerApplicationTests on VDICIM50109479C with PID 46196 (started by 50109479c in H:\sourcecode\opReserve\server)
11:33:29.499 logback [main] INFO  c.e.server.ServerApplicationTests - No active profile set, falling back to default profiles: default
11:33:29.900 logback [main] INFO  o.s.w.c.s.GenericWebApplicationContext - Refreshing org.springframework.web.context.support.GenericWebApplicationContext@37313c65: startup date [Mon Oct 08 11:33:29 CST 2018]; root of context hierarchy
11:33:35.951 logback [main] WARN  t.m.s.mapper.ClassPathMapperScanner - No MyBatis mapper was found in '[com.example.server]' package. Please check your configuration.
11:33:36.004 logback [main] WARN  o.m.s.mapper.ClassPathMapperScanner - No MyBatis mapper was found in '[com.example.server]' package. Please check your configuration.
11:33:36.464 logback [main] WARN  o.s.c.a.ConfigurationClassPostProcessor - Cannot enhance @Configuration bean definition 'mybatisConfigurer' since its singleton instance has been created too early. The typical cause is a non-static @Bean method with a BeanDefinitionRegistryPostProcessor return type: Consider declaring such methods as 'static'.
11:33:37.946 logback [main] INFO  o.s.c.s.PostProcessorRegistrationDelegate$BeanPostProcessorChecker - Bean 'org.springframework.transaction.annotation.ProxyTransactionManagementConfiguration' of type [org.springframework.transaction.annotation.ProxyTransactionManagementConfiguration$$EnhancerBySpringCGLIB$$71117269] is not eligible for getting processed by all BeanPostProcessors (for example: not eligible for auto-proxying)
11:33:43.094 logback [main] INFO  o.s.w.s.m.m.a.RequestMappingHandlerMapping - Mapped "{[/rockBookdetail/reserve],methods=[GET]}" onto public synchronized com.example.server.core.ret.RetResult com.example.server.controller.RockBookdetailController.reserve(java.lang.String,java.lang.String,java.lang.String,java.lang.String,java.lang.String)
11:33:43.100 logback [main] INFO  o.s.w.s.m.m.a.RequestMappingHandlerMapping - Mapped "{[/rockBookdetail/getBookdetail],methods=[GET]}" onto public com.example.server.core.ret.RetResult<com.example.server.model.RockBookdetail> com.example.server.controller.RockBookdetailController.getBookdetail(java.lang.String,java.lang.String)
11:33:43.101 logback [main] INFO  o.s.w.s.m.m.a.RequestMappingHandlerMapping - Mapped "{[/rockBookdetail/getBookdetailDay],methods=[GET]}" onto public com.example.server.core.ret.RetResult<java.util.List<com.example.server.model.RockBookdetail>> com.example.server.controller.RockBookdetailController.getBookdetailDay(java.lang.String,java.lang.String,java.lang.String)
11:33:43.102 logback [main] INFO  o.s.w.s.m.m.a.RequestMappingHandlerMapping - Mapped "{[/rockBookdetail/getReserveFuture],methods=[GET]}" onto public com.example.server.core.ret.RetResult<java.util.List<com.example.server.model.RockBookdetail>> com.example.server.controller.RockBookdetailController.getReserveFuture(java.lang.String)
11:33:43.103 logback [main] INFO  o.s.w.s.m.m.a.RequestMappingHandlerMapping - Mapped "{[/rockBookdetail/getBookdetailMonth],methods=[GET]}" onto public com.example.server.core.ret.RetResult<java.util.HashMap> com.example.server.controller.RockBookdetailController.getBookdetailMonth(java.lang.String,java.lang.String)
11:33:43.104 logback [main] INFO  o.s.w.s.m.m.a.RequestMappingHandlerMapping - Mapped "{[/rockBookdetail/getBookdetailMonthDetail],methods=[GET]}" onto public com.example.server.core.ret.RetResult<java.util.List<com.example.server.model.RockBookdetail>> com.example.server.controller.RockBookdetailController.getBookdetailMonthDetail(java.lang.String,java.lang.String)
11:33:43.105 logback [main] INFO  o.s.w.s.m.m.a.RequestMappingHandlerMapping - Mapped "{[/rockBookdetail/getBookdetailDayWithShiftflag],methods=[GET]}" onto public com.example.server.core.ret.RetResult<java.util.List<com.example.server.model.RockBookdetail>> com.example.server.controller.RockBookdetailController.getBookdetailDayWithShiftflag(java.lang.String,java.lang.String,java.lang.String,java.lang.String)
11:33:43.106 logback [main] INFO  o.s.w.s.m.m.a.RequestMappingHandlerMapping - Mapped "{[/rockBookdetail/getBookdetailWeek],methods=[GET]}" onto public com.example.server.core.ret.RetResult<java.util.HashMap> com.example.server.controller.RockBookdetailController.getBookdetailWeek(java.lang.String,java.lang.String)
11:33:43.107 logback [main] INFO  o.s.w.s.m.m.a.RequestMappingHandlerMapping - Mapped "{[/rockBookdetail/getBookdetailBetween],methods=[GET]}" onto public com.example.server.core.ret.RetResult<java.util.List<com.example.server.model.RockBookdetail>> com.example.server.controller.RockBookdetailController.getBookdetailBetween(java.lang.String,java.lang.String,java.lang.String)
11:33:43.108 logback [main] INFO  o.s.w.s.m.m.a.RequestMappingHandlerMapping - Mapped "{[/rockBookdetail/cancelReserveById],methods=[GET]}" onto public com.example.server.core.ret.RetResult com.example.server.controller.RockBookdetailController.cancelReserveById(java.lang.String,java.lang.String)
11:33:43.108 logback [main] INFO  o.s.w.s.m.m.a.RequestMappingHandlerMapping - Mapped "{[/rockBookdetail/cancelReserveByIdReplace],methods=[GET]}" onto public com.example.server.core.ret.RetResult com.example.server.controller.RockBookdetailController.cancelReserveByIdReplace(java.lang.String,java.lang.String,java.lang.String)
11:33:43.110 logback [main] INFO  o.s.w.s.m.m.a.RequestMappingHandlerMapping - Mapped "{[/rockDailyworkstation/getDailyWorkstation],methods=[GET]}" onto public com.example.server.core.ret.RetResult<java.util.List<com.example.server.model.RockDailyworkstation>> com.example.server.controller.RockDailyworkstationController.getDailyWorkstation(java.lang.String,java.lang.String)
11:33:43.123 logback [main] INFO  o.s.w.s.m.m.a.RequestMappingHandlerMapping - Mapped "{[/rockOpcapacityinfo/getCapacityInfo],methods=[GET]}" onto public com.example.server.core.ret.RetResult<java.util.HashMap> com.example.server.controller.RockOpcapacityinfoController.getCapacityInfo(java.lang.String,java.lang.String,java.lang.String)
11:33:43.124 logback [main] INFO  o.s.w.s.m.m.a.RequestMappingHandlerMapping - Mapped "{[/rockOpcapacityinfo/getLastCapacityInfoByEmpid],methods=[GET]}" onto public com.example.server.core.ret.RetResult<com.example.server.model.RockOpcapacityinfo> com.example.server.controller.RockOpcapacityinfoController.getLastCapacityInfoByEmpid(java.lang.String)
11:33:43.128 logback [main] INFO  o.s.w.s.m.m.a.RequestMappingHandlerMapping - Mapped "{[/rockOpemp/changePassword],methods=[GET]}" onto public com.example.server.core.ret.RetResult com.example.server.controller.RockOpempController.changePassword(java.lang.String,java.lang.String)
11:33:43.129 logback [main] INFO  o.s.w.s.m.m.a.RequestMappingHandlerMapping - Mapped "{[/rockOpemp/login],methods=[GET]}" onto public com.example.server.core.ret.RetResult<com.example.server.model.RockOpemp> com.example.server.controller.RockOpempController.login(java.lang.String,java.lang.String)
11:33:43.131 logback [main] INFO  o.s.w.s.m.m.a.RequestMappingHandlerMapping - Mapped "{[/rockOpemp/changePasswordByEmpid],methods=[GET]}" onto public com.example.server.core.ret.RetResult com.example.server.controller.RockOpempController.changePasswordByEmpid(java.lang.String,java.lang.String,java.lang.String)
11:33:43.132 logback [main] INFO  o.s.w.s.m.m.a.RequestMappingHandlerMapping - Mapped "{[/rockOpmanager/getOpmanagerData],methods=[GET]}" onto public com.example.server.core.ret.RetResult<com.example.server.model.RockOpmanage> com.example.server.controller.RockOpmanagerController.getOpmanagerData(java.lang.String)
11:33:43.134 logback [main] INFO  o.s.w.s.m.m.a.RequestMappingHandlerMapping - Mapped "{[/v2/api-docs],methods=[GET],produces=[application/json || application/hal+json]}" onto public org.springframework.http.ResponseEntity<springfox.documentation.spring.web.json.Json> springfox.documentation.swagger2.web.Swagger2Controller.getDocumentation(java.lang.String,javax.servlet.http.HttpServletRequest)
11:33:43.136 logback [main] INFO  o.s.w.s.m.m.a.RequestMappingHandlerMapping - Mapped "{[/configuration/security]}" onto org.springframework.http.ResponseEntity<springfox.documentation.swagger.web.SecurityConfiguration> springfox.documentation.swagger.web.ApiResourceController.securityConfiguration()
11:33:43.137 logback [main] INFO  o.s.w.s.m.m.a.RequestMappingHandlerMapping - Mapped "{[/configuration/ui]}" onto org.springframework.http.ResponseEntity<springfox.documentation.swagger.web.UiConfiguration> springfox.documentation.swagger.web.ApiResourceController.uiConfiguration()
11:33:43.142 logback [main] INFO  o.s.w.s.m.m.a.RequestMappingHandlerMapping - Mapped "{[/swagger-resources]}" onto org.springframework.http.ResponseEntity<java.util.List<springfox.documentation.swagger.web.SwaggerResource>> springfox.documentation.swagger.web.ApiResourceController.swaggerResources()
11:33:43.155 logback [main] INFO  o.s.w.s.m.m.a.RequestMappingHandlerMapping - Mapped "{[/error]}" onto public org.springframework.http.ResponseEntity<java.util.Map<java.lang.String, java.lang.Object>> org.springframework.boot.autoconfigure.web.servlet.error.BasicErrorController.error(javax.servlet.http.HttpServletRequest)
11:33:43.156 logback [main] INFO  o.s.w.s.m.m.a.RequestMappingHandlerMapping - Mapped "{[/error],produces=[text/html]}" onto public org.springframework.web.servlet.ModelAndView org.springframework.boot.autoconfigure.web.servlet.error.BasicErrorController.errorHtml(javax.servlet.http.HttpServletRequest,javax.servlet.http.HttpServletResponse)
11:33:44.121 logback [main] INFO  o.s.w.s.h.SimpleUrlHandlerMapping - Mapped URL path [/swagger-ui.html] onto handler of type [class org.springframework.web.servlet.resource.ResourceHttpRequestHandler]
11:33:44.123 logback [main] INFO  o.s.w.s.h.SimpleUrlHandlerMapping - Mapped URL path [/doc.html] onto handler of type [class org.springframework.web.servlet.resource.ResourceHttpRequestHandler]
11:33:44.123 logback [main] INFO  o.s.w.s.h.SimpleUrlHandlerMapping - Mapped URL path [/static/**] onto handler of type [class org.springframework.web.servlet.resource.ResourceHttpRequestHandler]
11:33:44.124 logback [main] INFO  o.s.w.s.h.SimpleUrlHandlerMapping - Mapped URL path [/app-release.apk] onto handler of type [class org.springframework.web.servlet.resource.ResourceHttpRequestHandler]
11:33:44.125 logback [main] INFO  o.s.w.s.h.SimpleUrlHandlerMapping - Mapped URL path [/webjars/**] onto handler of type [class org.springframework.web.servlet.resource.ResourceHttpRequestHandler]
11:33:45.078 logback [main] INFO  o.s.w.s.m.m.a.RequestMappingHandlerAdapter - Looking for @ControllerAdvice: org.springframework.web.context.support.GenericWebApplicationContext@37313c65: startup date [Mon Oct 08 11:33:29 CST 2018]; root of context hierarchy
11:33:47.767 logback [main] INFO  s.d.s.w.p.DocumentationPluginsBootstrapper - Context refreshed
11:33:48.173 logback [main] INFO  s.d.s.w.p.DocumentationPluginsBootstrapper - Found 1 custom documentation plugin(s)
11:33:48.271 logback [main] INFO  s.d.s.w.s.ApiListingReferenceScanner - Scanning for api listing references
11:33:48.952 logback [main] WARN  s.d.s.r.o.OperationImplicitParameterReader - Coercing to be of type string. This may not even be a scalar type in actuality
11:33:48.960 logback [main] WARN  s.d.s.r.o.OperationImplicitParameterReader - Coercing to be of type string. This may not even be a scalar type in actuality
11:33:49.254 logback [main] WARN  s.d.s.r.o.OperationImplicitParameterReader - Coercing to be of type string. This may not even be a scalar type in actuality
11:33:49.254 logback [main] WARN  s.d.s.r.o.OperationImplicitParameterReader - Coercing to be of type string. This may not even be a scalar type in actuality
11:33:49.255 logback [main] WARN  s.d.s.r.o.OperationImplicitParameterReader - Coercing to be of type string. This may not even be a scalar type in actuality
11:33:49.283 logback [main] WARN  s.d.s.r.o.OperationImplicitParameterReader - Coercing to be of type string. This may not even be a scalar type in actuality
11:33:49.284 logback [main] WARN  s.d.s.r.o.OperationImplicitParameterReader - Coercing to be of type string. This may not even be a scalar type in actuality
11:33:49.302 logback [main] WARN  s.d.s.r.o.OperationImplicitParameterReader - Coercing to be of type string. This may not even be a scalar type in actuality
11:33:49.303 logback [main] WARN  s.d.s.r.o.OperationImplicitParameterReader - Coercing to be of type string. This may not even be a scalar type in actuality
11:33:49.304 logback [main] WARN  s.d.s.r.o.OperationImplicitParameterReader - Coercing to be of type string. This may not even be a scalar type in actuality
11:33:49.312 logback [main] WARN  s.d.s.r.o.OperationImplicitParameterReader - Coercing to be of type string. This may not even be a scalar type in actuality
11:33:49.313 logback [main] WARN  s.d.s.r.o.OperationImplicitParameterReader - Coercing to be of type string. This may not even be a scalar type in actuality
11:33:49.314 logback [main] WARN  s.d.s.r.o.OperationImplicitParameterReader - Coercing to be of type string. This may not even be a scalar type in actuality
11:33:49.320 logback [main] WARN  s.d.s.r.o.OperationImplicitParameterReader - Coercing to be of type string. This may not even be a scalar type in actuality
11:33:49.320 logback [main] WARN  s.d.s.r.o.OperationImplicitParameterReader - Coercing to be of type string. This may not even be a scalar type in actuality
11:33:49.321 logback [main] WARN  s.d.s.r.o.OperationImplicitParameterReader - Coercing to be of type string. This may not even be a scalar type in actuality
11:33:49.321 logback [main] WARN  s.d.s.r.o.OperationImplicitParameterReader - Coercing to be of type string. This may not even be a scalar type in actuality
11:33:49.327 logback [main] WARN  s.d.s.r.o.OperationImplicitParameterReader - Coercing to be of type string. This may not even be a scalar type in actuality
11:33:49.328 logback [main] WARN  s.d.s.r.o.OperationImplicitParameterReader - Coercing to be of type string. This may not even be a scalar type in actuality
11:33:49.331 logback [main] WARN  s.d.s.r.o.OperationImplicitParameterReader - Coercing to be of type string. This may not even be a scalar type in actuality
11:33:49.331 logback [main] WARN  s.d.s.r.o.OperationImplicitParameterReader - Coercing to be of type string. This may not even be a scalar type in actuality
11:33:49.334 logback [main] WARN  s.d.s.r.o.OperationImplicitParameterReader - Coercing to be of type string. This may not even be a scalar type in actuality
11:33:49.335 logback [main] WARN  s.d.s.r.o.OperationImplicitParameterReader - Coercing to be of type string. This may not even be a scalar type in actuality
11:33:49.338 logback [main] WARN  s.d.s.r.o.OperationImplicitParameterReader - Coercing to be of type string. This may not even be a scalar type in actuality
11:33:49.341 logback [main] WARN  s.d.s.r.o.OperationImplicitParameterReader - Coercing to be of type string. This may not even be a scalar type in actuality
11:33:49.341 logback [main] WARN  s.d.s.r.o.OperationImplicitParameterReader - Coercing to be of type string. This may not even be a scalar type in actuality
11:33:49.342 logback [main] WARN  s.d.s.r.o.OperationImplicitParameterReader - Coercing to be of type string. This may not even be a scalar type in actuality
11:33:49.342 logback [main] WARN  s.d.s.r.o.OperationImplicitParameterReader - Coercing to be of type string. This may not even be a scalar type in actuality
11:33:49.343 logback [main] WARN  s.d.s.r.o.OperationImplicitParameterReader - Coercing to be of type string. This may not even be a scalar type in actuality
11:33:49.387 logback [main] WARN  s.d.s.r.o.OperationImplicitParameterReader - Coercing to be of type string. This may not even be a scalar type in actuality
11:33:49.387 logback [main] WARN  s.d.s.r.o.OperationImplicitParameterReader - Coercing to be of type string. This may not even be a scalar type in actuality
11:33:49.391 logback [main] WARN  s.d.s.r.o.OperationImplicitParameterReader - Coercing to be of type string. This may not even be a scalar type in actuality
11:33:49.392 logback [main] WARN  s.d.s.r.o.OperationImplicitParameterReader - Coercing to be of type string. This may not even be a scalar type in actuality
11:33:49.392 logback [main] WARN  s.d.s.r.o.OperationImplicitParameterReader - Coercing to be of type string. This may not even be a scalar type in actuality
11:33:49.398 logback [main] WARN  s.d.s.r.o.OperationImplicitParameterReader - Coercing to be of type string. This may not even be a scalar type in actuality
11:33:49.401 logback [main] WARN  s.d.s.r.o.OperationImplicitParameterReader - Coercing to be of type string. This may not even be a scalar type in actuality
11:33:49.401 logback [main] WARN  s.d.s.r.o.OperationImplicitParameterReader - Coercing to be of type string. This may not even be a scalar type in actuality
11:33:49.404 logback [main] WARN  s.d.s.r.o.OperationImplicitParameterReader - Coercing to be of type string. This may not even be a scalar type in actuality
11:33:49.405 logback [main] WARN  s.d.s.r.o.OperationImplicitParameterReader - Coercing to be of type string. This may not even be a scalar type in actuality
11:33:49.405 logback [main] WARN  s.d.s.r.o.OperationImplicitParameterReader - Coercing to be of type string. This may not even be a scalar type in actuality
11:33:49.414 logback [main] WARN  s.d.s.r.o.OperationImplicitParameterReader - Coercing to be of type string. This may not even be a scalar type in actuality
11:33:49.415 logback [main] WARN  s.d.s.r.o.OperationImplicitParameterReader - Coercing to be of type string. This may not even be a scalar type in actuality
11:33:49.421 logback [main] WARN  s.d.s.r.o.OperationImplicitParameterReader - Coercing to be of type string. This may not even be a scalar type in actuality
11:33:49.560 logback [main] INFO  c.e.server.ServerApplicationTests - Started ServerApplicationTests in 22.544 seconds (JVM running for 27.118)
11:33:51.708 logback [Thread-2] INFO  o.s.w.c.s.GenericWebApplicationContext - Closing org.springframework.web.context.support.GenericWebApplicationContext@37313c65: startup date [Mon Oct 08 11:33:29 CST 2018]; root of context hierarchy
